WARN    (2012-10-03) 05:16.18:337   [cocoon.manager] (Unknown-URI) Unknown-Thread/CoreServiceManager: ComponentLocator exception from parent SM during lookup.
org.apache.avalon.framework.service.ServiceException: Component for key 'org.apache.excalibur.source.SourceResolver' not found. (Key='Cocoon')
	at org.apache.cocoon.core.container.SingleComponentServiceManager.lookup(SingleComponentServiceManager.java:68)
	at org.apache.cocoon.core.container.CoreServiceManager.lookup(CoreServiceManager.java:355)
	at org.apache.cocoon.components.treeprocessor.TreeProcessor.service(TreeProcessor.java:197)
	at org.apache.avalon.framework.container.ContainerUtil.service(ContainerUtil.java:143)
	at org.apache.cocoon.core.container.ComponentFactory.setupInstance(ComponentFactory.java:150)
	at org.apache.cocoon.core.container.ComponentFactory.newInstance(ComponentFactory.java:133)
	at org.apache.cocoon.core.container.handler.ThreadSafeComponentHandler.doInitialize(ThreadSafeComponentHandler.java:54)
	at org.apache.cocoon.core.container.handler.AbstractComponentHandler.initialize(AbstractComponentHandler.java:274)
	at org.apache.cocoon.core.container.handler.LazyHandler.getDelegate(LazyHandler.java:53)
	at org.apache.cocoon.core.container.handler.LazyHandler.get(LazyHandler.java:71)
	at org.apache.cocoon.core.container.CoreServiceManager.lookup(CoreServiceManager.java:427)
	at org.apache.cocoon.Cocoon.initialize(Cocoon.java:260)
	at org.apache.avalon.framework.container.ContainerUtil.initialize(ContainerUtil.java:244)
	at org.apache.cocoon.core.CoreUtil.createProcessor(CoreUtil.java:758)
	at org.apache.cocoon.core.CoreUtil.createCocoon(CoreUtil.java:717)
	at org.apache.cocoon.bean.CocoonWrapper.initialize(CocoonWrapper.java:129)
	at org.apache.cocoon.bean.CocoonBean.initialize(CocoonBean.java:97)
	at org.apache.cocoon.Main.main(Main.java:310)
WARN    (2012-10-03) 05:16.18:359   [cocoon.manager] (Unknown-URI) Unknown-Thread/CoreServiceManager: ComponentLocator exception from parent SM during lookup.
org.apache.avalon.framework.service.ServiceException: Component for key 'org.apache.cocoon.components.fam.SitemapMonitor' not found. (Key='Cocoon')
	at org.apache.cocoon.core.container.SingleComponentServiceManager.lookup(SingleComponentServiceManager.java:68)
	at org.apache.cocoon.core.container.CoreServiceManager.lookup(CoreServiceManager.java:355)
	at org.apache.cocoon.components.treeprocessor.TreeProcessor.service(TreeProcessor.java:198)
	at org.apache.avalon.framework.container.ContainerUtil.service(ContainerUtil.java:143)
	at org.apache.cocoon.core.container.ComponentFactory.setupInstance(ComponentFactory.java:150)
	at org.apache.cocoon.core.container.ComponentFactory.newInstance(ComponentFactory.java:133)
	at org.apache.cocoon.core.container.handler.ThreadSafeComponentHandler.doInitialize(ThreadSafeComponentHandler.java:54)
	at org.apache.cocoon.core.container.handler.AbstractComponentHandler.initialize(AbstractComponentHandler.java:274)
	at org.apache.cocoon.core.container.handler.LazyHandler.getDelegate(LazyHandler.java:53)
	at org.apache.cocoon.core.container.handler.LazyHandler.get(LazyHandler.java:71)
	at org.apache.cocoon.core.container.CoreServiceManager.lookup(CoreServiceManager.java:427)
	at org.apache.cocoon.Cocoon.initialize(Cocoon.java:260)
	at org.apache.avalon.framework.container.ContainerUtil.initialize(ContainerUtil.java:244)
	at org.apache.cocoon.core.CoreUtil.createProcessor(CoreUtil.java:758)
	at org.apache.cocoon.core.CoreUtil.createCocoon(CoreUtil.java:717)
	at org.apache.cocoon.bean.CocoonWrapper.initialize(CocoonWrapper.java:129)
	at org.apache.cocoon.bean.CocoonBean.initialize(CocoonBean.java:97)
	at org.apache.cocoon.Main.main(Main.java:310)
WARN    (2012-10-03) 05:16.18:562   [cocoon.manager] (Unknown-URI) Unknown-Thread/CoreServiceManager: ComponentLocator exception from parent SM during lookup.
org.apache.avalon.framework.service.ServiceException: Component for key 'org.apache.cocoon.components.treeprocessor.TreeBuilder/sitemap-1.0' not found. (Key='Cocoon')
	at org.apache.cocoon.core.container.SingleComponentServiceManager.lookup(SingleComponentServiceManager.java:68)
	at org.apache.cocoon.core.container.CoreServiceManager.lookup(CoreServiceManager.java:355)
	at org.apache.cocoon.components.treeprocessor.TreeProcessor.getTreeBuilder(TreeProcessor.java:375)
	at org.apache.cocoon.components.treeprocessor.TreeProcessor.buildConcreteProcessor(TreeProcessor.java:720)
	at org.apache.cocoon.components.treeprocessor.TreeProcessor.setupConcreteProcessor(TreeProcessor.java:394)
	at org.apache.cocoon.components.treeprocessor.TreeProcessor.process(TreeProcessor.java:288)
	at org.apache.cocoon.Cocoon.process(Cocoon.java:557)
	at org.apache.cocoon.bean.CocoonWrapper.getPage(CocoonWrapper.java:426)
	at org.apache.cocoon.bean.CocoonBean.processTarget(CocoonBean.java:496)
	at org.apache.cocoon.bean.CocoonBean.process(CocoonBean.java:357)
	at org.apache.cocoon.Main.main(Main.java:311)
WARN    (2012-10-03) 05:16.18:934   [cocoon.manager] (Unknown-URI) Unknown-Thread/CoreServiceManager: ComponentLocator exception from parent SM during lookup.
org.apache.avalon.framework.service.ServiceException: Component for key 'org.apache.cocoon.caching.Cache' not found. (Key='Cocoon')
	at org.apache.cocoon.core.container.SingleComponentServiceManager.lookup(SingleComponentServiceManager.java:68)
	at org.apache.cocoon.core.container.CoreServiceManager.lookup(CoreServiceManager.java:355)
	at org.apache.cocoon.core.container.CoreServiceManager.lookup(CoreServiceManager.java:355)
	at org.apache.cocoon.components.pipeline.impl.BaseCachingProcessingPipeline.parameterize(BaseCachingProcessingPipeline.java:61)
	at org.apache.cocoon.components.pipeline.impl.AbstractCachingProcessingPipeline.parameterize(AbstractCachingProcessingPipeline.java:115)
	at org.apache.avalon.framework.container.ContainerUtil.parameterize(ContainerUtil.java:228)
	at org.apache.cocoon.core.container.ComponentFactory.setupInstance(ComponentFactory.java:157)
	at org.apache.cocoon.core.container.ComponentFactory.newInstance(ComponentFactory.java:133)
	at org.apache.cocoon.core.container.handler.NonThreadSafePoolableComponentHandler.getFromPool(NonThreadSafePoolableComponentHandler.java:165)
	at org.apache.cocoon.core.container.handler.NonThreadSafePoolableComponentHandler.doGet(NonThreadSafePoolableComponentHandler.java:238)
	at org.apache.cocoon.core.container.handler.AbstractComponentHandler.get(AbstractComponentHandler.java:181)
	at org.apache.cocoon.core.container.handler.LazyHandler.get(LazyHandler.java:71)
	at org.apache.cocoon.core.container.CoreServiceManager.lookup(CoreServiceManager.java:427)
	at org.apache.cocoon.core.container.DefaultServiceSelector.select(DefaultServiceSelector.java:141)
	at org.apache.cocoon.components.treeprocessor.sitemap.ComponentsSelector.select(ComponentsSelector.java:109)
	at org.apache.cocoon.components.treeprocessor.InvokeContext.getProcessingPipeline(InvokeContext.java:158)
	at org.apache.cocoon.components.treeprocessor.sitemap.GenerateNode.invoke(GenerateNode.java:70)
	at org.apache.cocoon.components.treeprocessor.AbstractParentProcessingNode.invokeNodes(AbstractParentProcessingNode.java:55)
	at org.apache.cocoon.components.treeprocessor.sitemap.PreparableMatchNode.invoke(PreparableMatchNode.java:116)
	at org.apache.cocoon.components.treeprocessor.AbstractParentProcessingNode.invokeNodes(AbstractParentProcessingNode.java:55)
	at org.apache.cocoon.components.treeprocessor.sitemap.PreparableMatchNode.invoke(PreparableMatchNode.java:116)
	at org.apache.cocoon.components.treeprocessor.AbstractParentProcessingNode.invokeNodes(AbstractParentProcessingNode.java:77)
	at org.apache.cocoon.components.treeprocessor.sitemap.PipelineNode.invoke(PipelineNode.java:155)
	at org.apache.cocoon.components.treeprocessor.AbstractParentProcessingNode.invokeNodes(AbstractParentProcessingNode.java:77)
	at org.apache.cocoon.components.treeprocessor.sitemap.PipelinesNode.invoke(PipelinesNode.java:95)
	at org.apache.cocoon.components.treeprocessor.ConcreteTreeProcessor.process(ConcreteTreeProcessor.java:292)
	at org.apache.cocoon.components.treeprocessor.ConcreteTreeProcessor.buildPipeline(ConcreteTreeProcessor.java:239)
	at org.apache.cocoon.components.treeprocessor.TreeProcessor.buildPipeline(TreeProcessor.java:302)
	at org.apache.cocoon.components.source.impl.SitemapSource.init(SitemapSource.java:266)
	at org.apache.cocoon.components.source.impl.SitemapSource.<init>(SitemapSource.java:146)
	at org.apache.cocoon.components.source.impl.SitemapSourceFactory.getSource(SitemapSourceFactory.java:65)
	at org.apache.cocoon.components.source.CocoonSourceResolver.resolveURI(CocoonSourceResolver.java:159)
	at org.apache.cocoon.components.source.CocoonSourceResolver.resolveURI(CocoonSourceResolver.java:189)
	at org.apache.forrest.locationmap.LocationMapModule.getLocationMap(LocationMapModule.java:95)
	at org.apache.forrest.locationmap.LocationMapModule.getAttribute(LocationMapModule.java:203)
	at org.apache.cocoon.components.treeprocessor.variables.PreparedVariableResolver.processModule(PreparedVariableResolver.java:246)
	at org.apache.cocoon.components.treeprocessor.variables.PreparedVariableResolver.resolve(PreparedVariableResolver.java:197)
	at org.apache.cocoon.components.treeprocessor.sitemap.SelectNode.invoke(SelectNode.java:77)
	at org.apache.cocoon.components.treeprocessor.AbstractParentProcessingNode.invokeNodes(AbstractParentProcessingNode.java:77)
	at org.apache.cocoon.components.treeprocessor.sitemap.PipelineNode.invoke(PipelineNode.java:155)
	at org.apache.cocoon.components.treeprocessor.AbstractParentProcessingNode.invokeNodes(AbstractParentProcessingNode.java:77)
	at org.apache.cocoon.components.treeprocessor.sitemap.PipelinesNode.invoke(PipelinesNode.java:95)
	at org.apache.cocoon.components.treeprocessor.ConcreteTreeProcessor.process(ConcreteTreeProcessor.java:292)
	at org.apache.cocoon.components.treeprocessor.ConcreteTreeProcessor.process(ConcreteTreeProcessor.java:223)
	at org.apache.cocoon.components.treeprocessor.TreeProcessor.process(TreeProcessor.java:289)
	at org.apache.cocoon.Cocoon.process(Cocoon.java:557)
	at org.apache.cocoon.bean.CocoonWrapper.getPage(CocoonWrapper.java:426)
	at org.apache.cocoon.bean.CocoonBean.processTarget(CocoonBean.java:496)
	at org.apache.cocoon.bean.CocoonBean.process(CocoonBean.java:357)
	at org.apache.cocoon.Main.main(Main.java:311)
ERROR   (2012-10-03) 05:16.19:164   [cocoon.manager] (Unknown-URI) Unknown-Thread/SelectNode: Ignoring locationmap config exception: Unable to build LocationMap.
org.apache.avalon.framework.configuration.ConfigurationException: Unable to build LocationMap.
	at org.apache.forrest.locationmap.lm.MountNode.loadConfiguration(MountNode.java:129)
	at org.apache.forrest.locationmap.lm.MountNode.getLocationMap(MountNode.java:87)
	at org.apache.forrest.locationmap.lm.MountNode.locate(MountNode.java:157)
	at org.apache.forrest.locationmap.lm.SelectNode.locate(SelectNode.java:110)
	at org.apache.forrest.locationmap.lm.LocatorNode.locate(LocatorNode.java:122)
	at org.apache.forrest.locationmap.lm.LocationMap.locate(LocationMap.java:276)
	at org.apache.forrest.locationmap.LocationMapModule.getAttribute(LocationMapModule.java:203)
	at org.apache.cocoon.components.treeprocessor.variables.PreparedVariableResolver.processModule(PreparedVariableResolver.java:246)
	at org.apache.cocoon.components.treeprocessor.variables.PreparedVariableResolver.resolve(PreparedVariableResolver.java:197)
	at org.apache.cocoon.components.treeprocessor.sitemap.SelectNode.invoke(SelectNode.java:77)
	at org.apache.cocoon.components.treeprocessor.AbstractParentProcessingNode.invokeNodes(AbstractParentProcessingNode.java:77)
	at org.apache.cocoon.components.treeprocessor.sitemap.PipelineNode.invoke(PipelineNode.java:155)
	at org.apache.cocoon.components.treeprocessor.AbstractParentProcessingNode.invokeNodes(AbstractParentProcessingNode.java:77)
	at org.apache.cocoon.components.treeprocessor.sitemap.PipelinesNode.invoke(PipelinesNode.java:95)
	at org.apache.cocoon.components.treeprocessor.ConcreteTreeProcessor.process(ConcreteTreeProcessor.java:292)
	at org.apache.cocoon.components.treeprocessor.ConcreteTreeProcessor.process(ConcreteTreeProcessor.java:223)
	at org.apache.cocoon.components.treeprocessor.TreeProcessor.process(TreeProcessor.java:289)
	at org.apache.cocoon.Cocoon.process(Cocoon.java:557)
	at org.apache.cocoon.bean.CocoonWrapper.getPage(CocoonWrapper.java:426)
	at org.apache.cocoon.bean.CocoonBean.processTarget(CocoonBean.java:496)
	at org.apache.cocoon.bean.CocoonBean.process(CocoonBean.java:357)
	at org.apache.cocoon.Main.main(Main.java:311)
Caused by: org.apache.excalibur.source.SourceNotFoundException: Exception during processing of cocoon://locationmap-project.xml
	at org.apache.cocoon.components.source.impl.SitemapSource.getInputStream(SitemapSource.java:207)
	at org.apache.forrest.locationmap.lm.MountNode.loadConfiguration(MountNode.java:125)
	... 21 more
Caused by: org.apache.cocoon.ResourceNotFoundException: Resource not found.
	at <map:serialize type="xml"> - file:/homes/hortonfo/tools/apache-forrest-0.8/main/webapp/./sitemap.xmap:364:36
	at <map:generate> - file:/homes/hortonfo/tools/apache-forrest-0.8/main/webapp/./sitemap.xmap:363:66
	at org.apache.cocoon.components.source.SourceUtil.handle(SourceUtil.java:377)
	at org.apache.cocoon.components.source.SourceUtil.getInputSource(SourceUtil.java:450)
	at org.apache.cocoon.components.source.SourceUtil.parse(SourceUtil.java:281)
	at org.apache.cocoon.generation.FileGenerator.generate(FileGenerator.java:118)
	at org.apache.cocoon.components.pipeline.AbstractProcessingPipeline.processXMLPipeline(AbstractProcessingPipeline.java:537)
	at org.apache.cocoon.components.pipeline.impl.AbstractCachingProcessingPipeline.processXMLPipeline(AbstractCachingProcessingPipeline.java:174)
	at org.apache.cocoon.components.pipeline.AbstractProcessingPipeline.process(AbstractProcessingPipeline.java:437)
	at org.apache.cocoon.components.source.impl.SitemapSource.getInputStream(SitemapSource.java:199)
	... 22 more
Caused by: org.apache.excalibur.source.SourceNotFoundException: file:/grid/0/dev/mfoley/hadoop-1.0/src/docs/cn/src/documentation/content/locationmap.xml doesn't exist.
	at org.apache.excalibur.source.impl.FileSource.getInputStream(FileSource.java:150)
	at org.apache.cocoon.components.source.SourceUtil.getInputSource(SourceUtil.java:445)
	... 28 more
Caused by: java.io.FileNotFoundException: /grid/0/dev/mfoley/hadoop-1.0/src/docs/cn/src/documentation/content/locationmap.xml (No such file or directory)
	at java.io.FileInputStream.open(Native Method)
	at java.io.FileInputStream.<init>(FileInputStream.java:106)
	at org.apache.excalibur.source.impl.FileSource.getInputStream(FileSource.java:146)
	... 29 more
WARN    (2012-10-03) 05:16.19:230   [cocoon.manager] (Unknown-URI) Unknown-Thread/CoreServiceManager: ComponentLocator exception from parent SM during lookup.
org.apache.avalon.framework.service.ServiceException: Component for key 'org.apache.cocoon.generation.Generator/<aggregator>' not found. (Key='Cocoon')
	at org.apache.cocoon.core.container.SingleComponentServiceManager.lookup(SingleComponentServiceManager.java:68)
	at org.apache.cocoon.core.container.CoreServiceManager.lookup(CoreServiceManager.java:355)
	at org.apache.cocoon.core.container.CoreServiceManager.lookup(CoreServiceManager.java:355)
	at org.apache.cocoon.components.pipeline.AbstractProcessingPipeline.setGenerator(AbstractProcessingPipeline.java:211)
	at org.apache.cocoon.components.pipeline.impl.AbstractCachingProcessingPipeline.setGenerator(AbstractCachingProcessingPipeline.java:134)
	at org.apache.cocoon.components.treeprocessor.sitemap.AggregateNode.invoke(AggregateNode.java:89)
	at org.apache.cocoon.components.treeprocessor.AbstractParentProcessingNode.invokeNodes(AbstractParentProcessingNode.java:55)
	at org.apache.cocoon.components.treeprocessor.sitemap.PreparableMatchNode.invoke(PreparableMatchNode.java:116)
	at org.apache.cocoon.components.treeprocessor.AbstractParentProcessingNode.invokeNodes(AbstractParentProcessingNode.java:77)
	at org.apache.cocoon.components.treeprocessor.sitemap.PipelineNode.invoke(PipelineNode.java:155)
	at org.apache.cocoon.components.treeprocessor.AbstractParentProcessingNode.invokeNodes(AbstractParentProcessingNode.java:77)
	at org.apache.cocoon.components.treeprocessor.sitemap.PipelinesNode.invoke(PipelinesNode.java:95)
	at org.apache.cocoon.components.treeprocessor.ConcreteTreeProcessor.process(ConcreteTreeProcessor.java:292)
	at org.apache.cocoon.components.treeprocessor.ConcreteTreeProcessor.process(ConcreteTreeProcessor.java:223)
	at org.apache.cocoon.components.treeprocessor.TreeProcessor.process(TreeProcessor.java:289)
	at org.apache.cocoon.Cocoon.process(Cocoon.java:557)
	at org.apache.cocoon.bean.CocoonWrapper.getPage(CocoonWrapper.java:426)
	at org.apache.cocoon.bean.CocoonBean.processTarget(CocoonBean.java:496)
	at org.apache.cocoon.bean.CocoonBean.process(CocoonBean.java:357)
	at org.apache.cocoon.Main.main(Main.java:311)
WARN    (2012-10-03) 05:16.19:284   [cocoon.manager] (Unknown-URI) Unknown-Thread/CoreServiceManager: ComponentLocator exception from parent SM during lookup.
org.apache.avalon.framework.service.ServiceException: Component for key 'org.apache.cocoon.transformation.Transformer/<gatherer>' not found. (Key='Cocoon')
	at org.apache.cocoon.core.container.SingleComponentServiceManager.lookup(SingleComponentServiceManager.java:68)
	at org.apache.cocoon.core.container.CoreServiceManager.lookup(CoreServiceManager.java:355)
	at org.apache.cocoon.core.container.CoreServiceManager.lookup(CoreServiceManager.java:355)
	at org.apache.cocoon.components.pipeline.AbstractProcessingPipeline.addTransformer(AbstractProcessingPipeline.java:242)
	at org.apache.cocoon.components.pipeline.impl.AbstractCachingProcessingPipeline.addTransformer(AbstractCachingProcessingPipeline.java:144)
	at org.apache.cocoon.components.treeprocessor.sitemap.SerializeNode.invoke(SerializeNode.java:107)
	at org.apache.cocoon.components.treeprocessor.AbstractParentProcessingNode.invokeNodes(AbstractParentProcessingNode.java:77)
	at org.apache.cocoon.components.treeprocessor.ContainerNode.invoke(ContainerNode.java:38)
	at org.apache.cocoon.components.treeprocessor.CategoryNode.invokeByName(CategoryNode.java:66)
	at org.apache.cocoon.components.treeprocessor.sitemap.CallNode.invoke(CallNode.java:83)
	at org.apache.cocoon.components.treeprocessor.AbstractParentProcessingNode.invokeNodes(AbstractParentProcessingNode.java:55)
	at org.apache.cocoon.components.treeprocessor.sitemap.PreparableMatchNode.invoke(PreparableMatchNode.java:116)
	at org.apache.cocoon.components.treeprocessor.AbstractParentProcessingNode.invokeNodes(AbstractParentProcessingNode.java:77)
	at org.apache.cocoon.components.treeprocessor.sitemap.PipelineNode.invoke(PipelineNode.java:155)
	at org.apache.cocoon.components.treeprocessor.AbstractParentProcessingNode.invokeNodes(AbstractParentProcessingNode.java:77)
	at org.apache.cocoon.components.treeprocessor.sitemap.PipelinesNode.invoke(PipelinesNode.java:95)
	at org.apache.cocoon.components.treeprocessor.ConcreteTreeProcessor.process(ConcreteTreeProcessor.java:292)
	at org.apache.cocoon.components.treeprocessor.ConcreteTreeProcessor.process(ConcreteTreeProcessor.java:223)
	at org.apache.cocoon.components.treeprocessor.TreeProcessor.process(TreeProcessor.java:289)
	at org.apache.cocoon.Cocoon.process(Cocoon.java:557)
	at org.apache.cocoon.bean.CocoonWrapper.getPage(CocoonWrapper.java:426)
	at org.apache.cocoon.bean.CocoonBean.processTarget(CocoonBean.java:496)
	at org.apache.cocoon.bean.CocoonBean.process(CocoonBean.java:357)
	at org.apache.cocoon.Main.main(Main.java:311)
WARN    (2012-10-03) 05:16.23:206   [cocoon.manager] (Unknown-URI) Unknown-Thread/SVGBuilder: setDocumentLocator was not called, will use http://localhost/ as base URI
WARN    (2012-10-03) 05:16.24:426   [cocoon.manager] (Unknown-URI) Unknown-Thread/FOPSerializer: Attribute src of user-config element is deprecated. Provide Cocoon URI as value of the element instead
WARN    (2012-10-03) 05:16.24:861   [cocoon.manager] (Unknown-URI) Unknown-Thread/TraxErrorListener: file:/grid/0/dev/mfoley/hadoop-1.0/src/docs/cn/src/documentation/skins/pelt/xslt/fo/../../../common/xslt/fo/document-to-fo.xsl:148:19
ERROR   (2012-10-03) 05:16.25:506   [cocoon.manager.fop] (Unknown-URI) Unknown-Thread/MessageHandler: TrueType warning: Can't find cvt table
ERROR   (2012-10-03) 05:16.25:506   [cocoon.manager.fop] (Unknown-URI) Unknown-Thread/MessageHandler: TrueType warning: Can't find prep table
WARN    (2012-10-03) 05:16.25:616   [cocoon.manager] (Unknown-URI) Unknown-Thread/TraxErrorListener: file:/grid/0/dev/mfoley/hadoop-1.0/src/docs/cn/src/documentation/skins/pelt/xslt/fo/../../../common/xslt/fo/document-to-fo.xsl:148:19
ERROR   (2012-10-03) 05:16.25:658   [cocoon.manager.fop] (Unknown-URI) Unknown-Thread/MessageHandler: property 'fonts-family' ignored
ERROR   (2012-10-03) 05:16.25:686   [cocoon.manager.fop] (Unknown-URI) Unknown-Thread/MessageHandler: property 'fonts-family' ignored
ERROR   (2012-10-03) 05:16.25:687   [cocoon.manager.fop] (Unknown-URI) Unknown-Thread/MessageHandler: property 'fonts-family' ignored
ERROR   (2012-10-03) 05:16.25:687   [cocoon.manager.fop] (Unknown-URI) Unknown-Thread/MessageHandler: property 'fonts-family' ignored
ERROR   (2012-10-03) 05:16.25:688   [cocoon.manager.fop] (Unknown-URI) Unknown-Thread/MessageHandler: Error in space-after property value '6pt"': org.apache.fop.fo.expr.PropertyException: missing quote
ERROR   (2012-10-03) 05:16.25:689   [cocoon.manager.fop] (Unknown-URI) Unknown-Thread/MessageHandler: property 'fonts-family' ignored
ERROR   (2012-10-03) 05:16.26:045   [cocoon.manager.fop] (Unknown-URI) Unknown-Thread/MessageHandler: TrueType warning: Can't find cvt table
ERROR   (2012-10-03) 05:16.26:046   [cocoon.manager.fop] (Unknown-URI) Unknown-Thread/MessageHandler: TrueType warning: Can't find prep table
WARN    (2012-10-03) 05:16.26:388   [cocoon.manager] (Unknown-URI) Unknown-Thread/TraxErrorListener: file:/grid/0/dev/mfoley/hadoop-1.0/src/docs/cn/src/documentation/skins/pelt/xslt/fo/../../../common/xslt/fo/document-to-fo.xsl:148:19
WARN    (2012-10-03) 05:16.26:834   [cocoon.manager.fop] (Unknown-URI) Unknown-Thread/Table: table-layout=auto is not supported, using fixed!
WARN    (2012-10-03) 05:16.26:848   [cocoon.manager.fop] (Unknown-URI) Unknown-Thread/Table: table-layout=auto is not supported, using fixed!
ERROR   (2012-10-03) 05:16.28:838   [cocoon.manager.fop] (Unknown-URI) Unknown-Thread/MessageHandler: TrueType warning: Can't find cvt table
ERROR   (2012-10-03) 05:16.28:838   [cocoon.manager.fop] (Unknown-URI) Unknown-Thread/MessageHandler: TrueType warning: Can't find prep table
WARN    (2012-10-03) 05:16.29:171   [cocoon.manager] (Unknown-URI) Unknown-Thread/SVGBuilder: setDocumentLocator was not called, will use http://localhost/ as base URI
WARN    (2012-10-03) 05:16.29:192   [cocoon.manager] (Unknown-URI) Unknown-Thread/SVGBuilder: setDocumentLocator was not called, will use http://localhost/ as base URI
WARN    (2012-10-03) 05:16.29:207   [cocoon.manager] (Unknown-URI) Unknown-Thread/SVGBuilder: setDocumentLocator was not called, will use http://localhost/ as base URI
WARN    (2012-10-03) 05:16.29:436   [cocoon.manager] (Unknown-URI) Unknown-Thread/TraxErrorListener: file:/grid/0/dev/mfoley/hadoop-1.0/src/docs/cn/src/documentation/skins/pelt/xslt/fo/../../../common/xslt/fo/document-to-fo.xsl:148:19
ERROR   (2012-10-03) 05:16.29:460   [cocoon.manager.fop] (Unknown-URI) Unknown-Thread/MessageHandler: property 'fonts-family' ignored
ERROR   (2012-10-03) 05:16.29:461   [cocoon.manager.fop] (Unknown-URI) Unknown-Thread/MessageHandler: property 'fonts-family' ignored
ERROR   (2012-10-03) 05:16.29:462   [cocoon.manager.fop] (Unknown-URI) Unknown-Thread/MessageHandler: property 'fonts-family' ignored
ERROR   (2012-10-03) 05:16.29:462   [cocoon.manager.fop] (Unknown-URI) Unknown-Thread/MessageHandler: property 'fonts-family' ignored
ERROR   (2012-10-03) 05:16.29:463   [cocoon.manager.fop] (Unknown-URI) Unknown-Thread/MessageHandler: property 'fonts-family' ignored
ERROR   (2012-10-03) 05:16.29:463   [cocoon.manager.fop] (Unknown-URI) Unknown-Thread/MessageHandler: property 'fonts-family' ignored
ERROR   (2012-10-03) 05:16.29:464   [cocoon.manager.fop] (Unknown-URI) Unknown-Thread/MessageHandler: property 'fonts-family' ignored
ERROR   (2012-10-03) 05:16.29:464   [cocoon.manager.fop] (Unknown-URI) Unknown-Thread/MessageHandler: property 'fonts-family' ignored
ERROR   (2012-10-03) 05:16.29:477   [cocoon.manager.fop] (Unknown-URI) Unknown-Thread/MessageHandler: property 'fonts-family' ignored
ERROR   (2012-10-03) 05:16.29:477   [cocoon.manager.fop] (Unknown-URI) Unknown-Thread/MessageHandler: property 'fonts-family' ignored
ERROR   (2012-10-03) 05:16.29:477   [cocoon.manager.fop] (Unknown-URI) Unknown-Thread/MessageHandler: property 'fonts-family' ignored
ERROR   (2012-10-03) 05:16.29:478   [cocoon.manager.fop] (Unknown-URI) Unknown-Thread/MessageHandler: property 'fonts-family' ignored
ERROR   (2012-10-03) 05:16.29:478   [cocoon.manager.fop] (Unknown-URI) Unknown-Thread/MessageHandler: property 'fonts-family' ignored
ERROR   (2012-10-03) 05:16.29:478   [cocoon.manager.fop] (Unknown-URI) Unknown-Thread/MessageHandler: property 'fonts-family' ignored
ERROR   (2012-10-03) 05:16.29:507   [cocoon.manager.fop] (Unknown-URI) Unknown-Thread/MessageHandler: property 'fonts-family' ignored
ERROR   (2012-10-03) 05:16.29:507   [cocoon.manager.fop] (Unknown-URI) Unknown-Thread/MessageHandler: property 'fonts-family' ignored
ERROR   (2012-10-03) 05:16.29:508   [cocoon.manager.fop] (Unknown-URI) Unknown-Thread/MessageHandler: property 'fonts-family' ignored
ERROR   (2012-10-03) 05:16.29:508   [cocoon.manager.fop] (Unknown-URI) Unknown-Thread/MessageHandler: property 'fonts-family' ignored
ERROR   (2012-10-03) 05:16.29:508   [cocoon.manager.fop] (Unknown-URI) Unknown-Thread/MessageHandler: property 'fonts-family' ignored
ERROR   (2012-10-03) 05:16.29:510   [cocoon.manager.fop] (Unknown-URI) Unknown-Thread/MessageHandler: property 'fonts-family' ignored
ERROR   (2012-10-03) 05:16.29:511   [cocoon.manager.fop] (Unknown-URI) Unknown-Thread/MessageHandler: property 'fonts-family' ignored
ERROR   (2012-10-03) 05:16.29:511   [cocoon.manager.fop] (Unknown-URI) Unknown-Thread/MessageHandler: property 'fonts-family' ignored
ERROR   (2012-10-03) 05:16.29:512   [cocoon.manager.fop] (Unknown-URI) Unknown-Thread/MessageHandler: property 'fonts-family' ignored
ERROR   (2012-10-03) 05:16.29:512   [cocoon.manager.fop] (Unknown-URI) Unknown-Thread/MessageHandler: property 'fonts-family' ignored
ERROR   (2012-10-03) 05:16.29:513   [cocoon.manager.fop] (Unknown-URI) Unknown-Thread/MessageHandler: property 'fonts-family' ignored
ERROR   (2012-10-03) 05:16.29:513   [cocoon.manager.fop] (Unknown-URI) Unknown-Thread/MessageHandler: property 'fonts-family' ignored
ERROR   (2012-10-03) 05:16.29:513   [cocoon.manager.fop] (Unknown-URI) Unknown-Thread/MessageHandler: property 'fonts-family' ignored
ERROR   (2012-10-03) 05:16.29:514   [cocoon.manager.fop] (Unknown-URI) Unknown-Thread/MessageHandler: property 'fonts-family' ignored
ERROR   (2012-10-03) 05:16.29:515   [cocoon.manager.fop] (Unknown-URI) Unknown-Thread/MessageHandler: property 'fonts-family' ignored
ERROR   (2012-10-03) 05:16.29:515   [cocoon.manager.fop] (Unknown-URI) Unknown-Thread/MessageHandler: property 'fonts-family' ignored
ERROR   (2012-10-03) 05:16.29:516   [cocoon.manager.fop] (Unknown-URI) Unknown-Thread/MessageHandler: property 'fonts-family' ignored
ERROR   (2012-10-03) 05:16.29:516   [cocoon.manager.fop] (Unknown-URI) Unknown-Thread/MessageHandler: property 'fonts-family' ignored
ERROR   (2012-10-03) 05:16.29:517   [cocoon.manager.fop] (Unknown-URI) Unknown-Thread/MessageHandler: property 'fonts-family' ignored
ERROR   (2012-10-03) 05:16.29:517   [cocoon.manager.fop] (Unknown-URI) Unknown-Thread/MessageHandler: property 'fonts-family' ignored
WARN    (2012-10-03) 05:16.29:593   [cocoon.manager.fop] (Unknown-URI) Unknown-Thread/Table: table-layout=auto is not supported, using fixed!
ERROR   (2012-10-03) 05:16.29:880   [cocoon.manager.fop] (Unknown-URI) Unknown-Thread/MessageHandler: TrueType warning: Can't find cvt table
ERROR   (2012-10-03) 05:16.29:880   [cocoon.manager.fop] (Unknown-URI) Unknown-Thread/MessageHandler: TrueType warning: Can't find prep table
WARN    (2012-10-03) 05:16.29:929   [cocoon.manager] (Unknown-URI) Unknown-Thread/SVGBuilder: setDocumentLocator was not called, will use http://localhost/ as base URI
WARN    (2012-10-03) 05:16.29:944   [cocoon.manager] (Unknown-URI) Unknown-Thread/SVGBuilder: setDocumentLocator was not called, will use http://localhost/ as base URI
WARN    (2012-10-03) 05:16.30:805   [cocoon.manager] (Unknown-URI) Unknown-Thread/TraxErrorListener: file:/grid/0/dev/mfoley/hadoop-1.0/src/docs/cn/src/documentation/skins/pelt/xslt/fo/../../../common/xslt/fo/document-to-fo.xsl:148:19
ERROR   (2012-10-03) 05:16.31:441   [cocoon.manager.fop] (Unknown-URI) Unknown-Thread/MessageHandler: property 'fonts-family' ignored
ERROR   (2012-10-03) 05:16.31:442   [cocoon.manager.fop] (Unknown-URI) Unknown-Thread/MessageHandler: property 'fonts-family' ignored
ERROR   (2012-10-03) 05:16.31:443   [cocoon.manager.fop] (Unknown-URI) Unknown-Thread/MessageHandler: property 'fonts-family' ignored
ERROR   (2012-10-03) 05:16.31:443   [cocoon.manager.fop] (Unknown-URI) Unknown-Thread/MessageHandler: property 'fonts-family' ignored
ERROR   (2012-10-03) 05:16.31:444   [cocoon.manager.fop] (Unknown-URI) Unknown-Thread/MessageHandler: property 'fonts-family' ignored
ERROR   (2012-10-03) 05:16.31:444   [cocoon.manager.fop] (Unknown-URI) Unknown-Thread/MessageHandler: property 'fonts-family' ignored
ERROR   (2012-10-03) 05:16.31:444   [cocoon.manager.fop] (Unknown-URI) Unknown-Thread/MessageHandler: property 'fonts-family' ignored
ERROR   (2012-10-03) 05:16.31:445   [cocoon.manager.fop] (Unknown-URI) Unknown-Thread/MessageHandler: property 'fonts-family' ignored
ERROR   (2012-10-03) 05:16.31:445   [cocoon.manager.fop] (Unknown-URI) Unknown-Thread/MessageHandler: property 'fonts-family' ignored
ERROR   (2012-10-03) 05:16.31:445   [cocoon.manager.fop] (Unknown-URI) Unknown-Thread/MessageHandler: property 'fonts-family' ignored
ERROR   (2012-10-03) 05:16.31:446   [cocoon.manager.fop] (Unknown-URI) Unknown-Thread/MessageHandler: property 'fonts-family' ignored
ERROR   (2012-10-03) 05:16.31:446   [cocoon.manager.fop] (Unknown-URI) Unknown-Thread/MessageHandler: property 'fonts-family' ignored
ERROR   (2012-10-03) 05:16.31:447   [cocoon.manager.fop] (Unknown-URI) Unknown-Thread/MessageHandler: property 'fonts-family' ignored
ERROR   (2012-10-03) 05:16.31:447   [cocoon.manager.fop] (Unknown-URI) Unknown-Thread/MessageHandler: property 'fonts-family' ignored
ERROR   (2012-10-03) 05:16.31:447   [cocoon.manager.fop] (Unknown-URI) Unknown-Thread/MessageHandler: property 'fonts-family' ignored
ERROR   (2012-10-03) 05:16.31:448   [cocoon.manager.fop] (Unknown-URI) Unknown-Thread/MessageHandler: property 'fonts-family' ignored
ERROR   (2012-10-03) 05:16.31:451   [cocoon.manager.fop] (Unknown-URI) Unknown-Thread/MessageHandler: property 'fonts-family' ignored
ERROR   (2012-10-03) 05:16.31:458   [cocoon.manager.fop] (Unknown-URI) Unknown-Thread/MessageHandler: property 'fonts-family' ignored
ERROR   (2012-10-03) 05:16.31:458   [cocoon.manager.fop] (Unknown-URI) Unknown-Thread/MessageHandler: property 'fonts-family' ignored
ERROR   (2012-10-03) 05:16.31:459   [cocoon.manager.fop] (Unknown-URI) Unknown-Thread/MessageHandler: property 'fonts-family' ignored
ERROR   (2012-10-03) 05:16.31:459   [cocoon.manager.fop] (Unknown-URI) Unknown-Thread/MessageHandler: property 'fonts-family' ignored
ERROR   (2012-10-03) 05:16.31:459   [cocoon.manager.fop] (Unknown-URI) Unknown-Thread/MessageHandler: property 'fonts-family' ignored
ERROR   (2012-10-03) 05:16.31:460   [cocoon.manager.fop] (Unknown-URI) Unknown-Thread/MessageHandler: property 'fonts-family' ignored
ERROR   (2012-10-03) 05:16.31:460   [cocoon.manager.fop] (Unknown-URI) Unknown-Thread/MessageHandler: property 'fonts-family' ignored
ERROR   (2012-10-03) 05:16.31:460   [cocoon.manager.fop] (Unknown-URI) Unknown-Thread/MessageHandler: property 'fonts-family' ignored
ERROR   (2012-10-03) 05:16.31:461   [cocoon.manager.fop] (Unknown-URI) Unknown-Thread/MessageHandler: property 'fonts-family' ignored
ERROR   (2012-10-03) 05:16.31:461   [cocoon.manager.fop] (Unknown-URI) Unknown-Thread/MessageHandler: property 'fonts-family' ignored
ERROR   (2012-10-03) 05:16.31:462   [cocoon.manager.fop] (Unknown-URI) Unknown-Thread/MessageHandler: property 'fonts-family' ignored
ERROR   (2012-10-03) 05:16.31:462   [cocoon.manager.fop] (Unknown-URI) Unknown-Thread/MessageHandler: property 'fonts-family' ignored
ERROR   (2012-10-03) 05:16.31:462   [cocoon.manager.fop] (Unknown-URI) Unknown-Thread/MessageHandler: property 'fonts-family' ignored
ERROR   (2012-10-03) 05:16.31:463   [cocoon.manager.fop] (Unknown-URI) Unknown-Thread/MessageHandler: property 'fonts-family' ignored
ERROR   (2012-10-03) 05:16.31:463   [cocoon.manager.fop] (Unknown-URI) Unknown-Thread/MessageHandler: property 'fonts-family' ignored
ERROR   (2012-10-03) 05:16.31:463   [cocoon.manager.fop] (Unknown-URI) Unknown-Thread/MessageHandler: property 'fonts-family' ignored
ERROR   (2012-10-03) 05:16.31:464   [cocoon.manager.fop] (Unknown-URI) Unknown-Thread/MessageHandler: property 'fonts-family' ignored
ERROR   (2012-10-03) 05:16.31:464   [cocoon.manager.fop] (Unknown-URI) Unknown-Thread/MessageHandler: property 'fonts-family' ignored
ERROR   (2012-10-03) 05:16.31:465   [cocoon.manager.fop] (Unknown-URI) Unknown-Thread/MessageHandler: property 'fonts-family' ignored
ERROR   (2012-10-03) 05:16.31:465   [cocoon.manager.fop] (Unknown-URI) Unknown-Thread/MessageHandler: property 'fonts-family' ignored
ERROR   (2012-10-03) 05:16.31:465   [cocoon.manager.fop] (Unknown-URI) Unknown-Thread/MessageHandler: property 'fonts-family' ignored
ERROR   (2012-10-03) 05:16.31:466   [cocoon.manager.fop] (Unknown-URI) Unknown-Thread/MessageHandler: property 'fonts-family' ignored
ERROR   (2012-10-03) 05:16.31:466   [cocoon.manager.fop] (Unknown-URI) Unknown-Thread/MessageHandler: property 'fonts-family' ignored
ERROR   (2012-10-03) 05:16.31:466   [cocoon.manager.fop] (Unknown-URI) Unknown-Thread/MessageHandler: property 'fonts-family' ignored
ERROR   (2012-10-03) 05:16.31:682   [cocoon.manager.fop] (Unknown-URI) Unknown-Thread/MessageHandler: property 'fonts-family' ignored
ERROR   (2012-10-03) 05:16.31:682   [cocoon.manager.fop] (Unknown-URI) Unknown-Thread/MessageHandler: property 'fonts-family' ignored
ERROR   (2012-10-03) 05:16.31:683   [cocoon.manager.fop] (Unknown-URI) Unknown-Thread/MessageHandler: property 'fonts-family' ignored
ERROR   (2012-10-03) 05:16.31:683   [cocoon.manager.fop] (Unknown-URI) Unknown-Thread/MessageHandler: property 'fonts-family' ignored
ERROR   (2012-10-03) 05:16.31:683   [cocoon.manager.fop] (Unknown-URI) Unknown-Thread/MessageHandler: property 'fonts-family' ignored
ERROR   (2012-10-03) 05:16.31:684   [cocoon.manager.fop] (Unknown-URI) Unknown-Thread/MessageHandler: property 'fonts-family' ignored
ERROR   (2012-10-03) 05:16.31:863   [cocoon.manager.fop] (Unknown-URI) Unknown-Thread/MessageHandler: Error in space-after property value '6pt"': org.apache.fop.fo.expr.PropertyException: missing quote
ERROR   (2012-10-03) 05:16.31:864   [cocoon.manager.fop] (Unknown-URI) Unknown-Thread/MessageHandler: property 'fonts-family' ignored
ERROR   (2012-10-03) 05:16.31:865   [cocoon.manager.fop] (Unknown-URI) Unknown-Thread/MessageHandler: property 'fonts-family' ignored
ERROR   (2012-10-03) 05:16.31:865   [cocoon.manager.fop] (Unknown-URI) Unknown-Thread/MessageHandler: property 'fonts-family' ignored
ERROR   (2012-10-03) 05:16.31:865   [cocoon.manager.fop] (Unknown-URI) Unknown-Thread/MessageHandler: property 'fonts-family' ignored
ERROR   (2012-10-03) 05:16.31:866   [cocoon.manager.fop] (Unknown-URI) Unknown-Thread/MessageHandler: property 'fonts-family' ignored
ERROR   (2012-10-03) 05:16.31:893   [cocoon.manager.fop] (Unknown-URI) Unknown-Thread/MessageHandler: Error in space-after property value '6pt"': org.apache.fop.fo.expr.PropertyException: missing quote
ERROR   (2012-10-03) 05:16.31:927   [cocoon.manager.fop] (Unknown-URI) Unknown-Thread/MessageHandler: Error in space-after property value '6pt"': org.apache.fop.fo.expr.PropertyException: missing quote
ERROR   (2012-10-03) 05:16.32:004   [cocoon.manager.fop] (Unknown-URI) Unknown-Thread/MessageHandler: property 'fonts-family' ignored
ERROR   (2012-10-03) 05:16.32:004   [cocoon.manager.fop] (Unknown-URI) Unknown-Thread/MessageHandler: property 'fonts-family' ignored
ERROR   (2012-10-03) 05:16.32:004   [cocoon.manager.fop] (Unknown-URI) Unknown-Thread/MessageHandler: property 'fonts-family' ignored
ERROR   (2012-10-03) 05:16.32:005   [cocoon.manager.fop] (Unknown-URI) Unknown-Thread/MessageHandler: property 'fonts-family' ignored
ERROR   (2012-10-03) 05:16.32:014   [cocoon.manager.fop] (Unknown-URI) Unknown-Thread/MessageHandler: property 'fonts-family' ignored
ERROR   (2012-10-03) 05:16.32:014   [cocoon.manager.fop] (Unknown-URI) Unknown-Thread/MessageHandler: property 'fonts-family' ignored
ERROR   (2012-10-03) 05:16.32:053   [cocoon.manager.fop] (Unknown-URI) Unknown-Thread/MessageHandler: property 'fonts-family' ignored
ERROR   (2012-10-03) 05:16.32:053   [cocoon.manager.fop] (Unknown-URI) Unknown-Thread/MessageHandler: property 'fonts-family' ignored
ERROR   (2012-10-03) 05:16.33:182   [cocoon.manager.fop] (Unknown-URI) Unknown-Thread/MessageHandler: property 'fonts-family' ignored
ERROR   (2012-10-03) 05:16.33:182   [cocoon.manager.fop] (Unknown-URI) Unknown-Thread/MessageHandler: property 'fonts-family' ignored
ERROR   (2012-10-03) 05:16.33:182   [cocoon.manager.fop] (Unknown-URI) Unknown-Thread/MessageHandler: property 'fonts-family' ignored
ERROR   (2012-10-03) 05:16.33:183   [cocoon.manager.fop] (Unknown-URI) Unknown-Thread/MessageHandler: property 'fonts-family' ignored
ERROR   (2012-10-03) 05:16.33:183   [cocoon.manager.fop] (Unknown-URI) Unknown-Thread/MessageHandler: property 'fonts-family' ignored
ERROR   (2012-10-03) 05:16.33:183   [cocoon.manager.fop] (Unknown-URI) Unknown-Thread/MessageHandler: property 'fonts-family' ignored
ERROR   (2012-10-03) 05:16.33:183   [cocoon.manager.fop] (Unknown-URI) Unknown-Thread/MessageHandler: property 'fonts-family' ignored
ERROR   (2012-10-03) 05:16.33:184   [cocoon.manager.fop] (Unknown-URI) Unknown-Thread/MessageHandler: property 'fonts-family' ignored
ERROR   (2012-10-03) 05:16.33:184   [cocoon.manager.fop] (Unknown-URI) Unknown-Thread/MessageHandler: property 'fonts-family' ignored
ERROR   (2012-10-03) 05:16.33:185   [cocoon.manager.fop] (Unknown-URI) Unknown-Thread/MessageHandler: property 'fonts-family' ignored
ERROR   (2012-10-03) 05:16.33:185   [cocoon.manager.fop] (Unknown-URI) Unknown-Thread/MessageHandler: property 'fonts-family' ignored
ERROR   (2012-10-03) 05:16.33:185   [cocoon.manager.fop] (Unknown-URI) Unknown-Thread/MessageHandler: property 'fonts-family' ignored
ERROR   (2012-10-03) 05:16.33:186   [cocoon.manager.fop] (Unknown-URI) Unknown-Thread/MessageHandler: property 'fonts-family' ignored
ERROR   (2012-10-03) 05:16.33:186   [cocoon.manager.fop] (Unknown-URI) Unknown-Thread/MessageHandler: property 'fonts-family' ignored
ERROR   (2012-10-03) 05:16.33:186   [cocoon.manager.fop] (Unknown-URI) Unknown-Thread/MessageHandler: property 'fonts-family' ignored
ERROR   (2012-10-03) 05:16.33:187   [cocoon.manager.fop] (Unknown-URI) Unknown-Thread/MessageHandler: property 'fonts-family' ignored
ERROR   (2012-10-03) 05:16.33:187   [cocoon.manager.fop] (Unknown-URI) Unknown-Thread/MessageHandler: property 'fonts-family' ignored
ERROR   (2012-10-03) 05:16.33:187   [cocoon.manager.fop] (Unknown-URI) Unknown-Thread/MessageHandler: property 'fonts-family' ignored
ERROR   (2012-10-03) 05:16.33:188   [cocoon.manager.fop] (Unknown-URI) Unknown-Thread/MessageHandler: property 'fonts-family' ignored
ERROR   (2012-10-03) 05:16.33:188   [cocoon.manager.fop] (Unknown-URI) Unknown-Thread/MessageHandler: property 'fonts-family' ignored
ERROR   (2012-10-03) 05:16.33:188   [cocoon.manager.fop] (Unknown-URI) Unknown-Thread/MessageHandler: property 'fonts-family' ignored
ERROR   (2012-10-03) 05:16.33:189   [cocoon.manager.fop] (Unknown-URI) Unknown-Thread/MessageHandler: property 'fonts-family' ignored
ERROR   (2012-10-03) 05:16.33:189   [cocoon.manager.fop] (Unknown-URI) Unknown-Thread/MessageHandler: property 'fonts-family' ignored
ERROR   (2012-10-03) 05:16.33:190   [cocoon.manager.fop] (Unknown-URI) Unknown-Thread/MessageHandler: property 'fonts-family' ignored
ERROR   (2012-10-03) 05:16.33:190   [cocoon.manager.fop] (Unknown-URI) Unknown-Thread/MessageHandler: property 'fonts-family' ignored
ERROR   (2012-10-03) 05:16.33:190   [cocoon.manager.fop] (Unknown-URI) Unknown-Thread/MessageHandler: property 'fonts-family' ignored
ERROR   (2012-10-03) 05:16.33:191   [cocoon.manager.fop] (Unknown-URI) Unknown-Thread/MessageHandler: property 'fonts-family' ignored
ERROR   (2012-10-03) 05:16.33:191   [cocoon.manager.fop] (Unknown-URI) Unknown-Thread/MessageHandler: property 'fonts-family' ignored
ERROR   (2012-10-03) 05:16.33:191   [cocoon.manager.fop] (Unknown-URI) Unknown-Thread/MessageHandler: property 'fonts-family' ignored
ERROR   (2012-10-03) 05:16.33:192   [cocoon.manager.fop] (Unknown-URI) Unknown-Thread/MessageHandler: property 'fonts-family' ignored
ERROR   (2012-10-03) 05:16.33:192   [cocoon.manager.fop] (Unknown-URI) Unknown-Thread/MessageHandler: property 'fonts-family' ignored
ERROR   (2012-10-03) 05:16.33:193   [cocoon.manager.fop] (Unknown-URI) Unknown-Thread/MessageHandler: property 'fonts-family' ignored
ERROR   (2012-10-03) 05:16.33:193   [cocoon.manager.fop] (Unknown-URI) Unknown-Thread/MessageHandler: property 'fonts-family' ignored
ERROR   (2012-10-03) 05:16.33:193   [cocoon.manager.fop] (Unknown-URI) Unknown-Thread/MessageHandler: property 'fonts-family' ignored
ERROR   (2012-10-03) 05:16.33:193   [cocoon.manager.fop] (Unknown-URI) Unknown-Thread/MessageHandler: property 'fonts-family' ignored
WARN    (2012-10-03) 05:16.33:280   [cocoon.manager.fop] (Unknown-URI) Unknown-Thread/Table: table-layout=auto is not supported, using fixed!
WARN    (2012-10-03) 05:16.33:450   [cocoon.manager.fop] (Unknown-URI) Unknown-Thread/Table: table-layout=auto is not supported, using fixed!
WARN    (2012-10-03) 05:16.33:588   [cocoon.manager.fop] (Unknown-URI) Unknown-Thread/Table: table-layout=auto is not supported, using fixed!
ERROR   (2012-10-03) 05:16.34:072   [cocoon.manager.fop] (Unknown-URI) Unknown-Thread/MessageHandler: TrueType warning: Can't find cvt table
ERROR   (2012-10-03) 05:16.34:072   [cocoon.manager.fop] (Unknown-URI) Unknown-Thread/MessageHandler: TrueType warning: Can't find prep table
WARN    (2012-10-03) 05:16.34:318   [cocoon.manager] (Unknown-URI) Unknown-Thread/TraxErrorListener: file:/grid/0/dev/mfoley/hadoop-1.0/src/docs/cn/src/documentation/skins/pelt/xslt/fo/../../../common/xslt/fo/document-to-fo.xsl:148:19
ERROR   (2012-10-03) 05:16.34:412   [cocoon.manager.fop] (Unknown-URI) Unknown-Thread/MessageHandler: Error in space-after property value '6pt"': org.apache.fop.fo.expr.PropertyException: missing quote
WARN    (2012-10-03) 05:16.34:524   [cocoon.manager.fop] (Unknown-URI) Unknown-Thread/Table: table-layout=auto is not supported, using fixed!
ERROR   (2012-10-03) 05:16.34:810   [cocoon.manager.fop] (Unknown-URI) Unknown-Thread/MessageHandler: TrueType warning: Can't find cvt table
ERROR   (2012-10-03) 05:16.34:810   [cocoon.manager.fop] (Unknown-URI) Unknown-Thread/MessageHandler: TrueType warning: Can't find prep table
WARN    (2012-10-03) 05:16.35:279   [cocoon.manager] (Unknown-URI) Unknown-Thread/TextSerializer: Encountered text before root element. Creating <text> wrapper element.
WARN    (2012-10-03) 05:16.35:506   [cocoon.manager] (Unknown-URI) Unknown-Thread/TraxErrorListener: file:/grid/0/dev/mfoley/hadoop-1.0/src/docs/cn/src/documentation/skins/pelt/xslt/fo/../../../common/xslt/fo/document-to-fo.xsl:148:19
ERROR   (2012-10-03) 05:16.35:537   [cocoon.manager.fop] (Unknown-URI) Unknown-Thread/MessageHandler: property 'fonts-family' ignored
ERROR   (2012-10-03) 05:16.35:560   [cocoon.manager.fop] (Unknown-URI) Unknown-Thread/MessageHandler: property 'fonts-family' ignored
ERROR   (2012-10-03) 05:16.35:563   [cocoon.manager.fop] (Unknown-URI) Unknown-Thread/MessageHandler: property 'fonts-family' ignored
ERROR   (2012-10-03) 05:16.35:563   [cocoon.manager.fop] (Unknown-URI) Unknown-Thread/MessageHandler: property 'fonts-family' ignored
ERROR   (2012-10-03) 05:16.35:563   [cocoon.manager.fop] (Unknown-URI) Unknown-Thread/MessageHandler: property 'fonts-family' ignored
ERROR   (2012-10-03) 05:16.35:563   [cocoon.manager.fop] (Unknown-URI) Unknown-Thread/MessageHandler: property 'fonts-family' ignored
ERROR   (2012-10-03) 05:16.35:564   [cocoon.manager.fop] (Unknown-URI) Unknown-Thread/MessageHandler: property 'fonts-family' ignored
ERROR   (2012-10-03) 05:16.35:570   [cocoon.manager.fop] (Unknown-URI) Unknown-Thread/MessageHandler: property 'fonts-family' ignored
ERROR   (2012-10-03) 05:16.35:575   [cocoon.manager.fop] (Unknown-URI) Unknown-Thread/MessageHandler: property 'fonts-family' ignored
ERROR   (2012-10-03) 05:16.35:576   [cocoon.manager.fop] (Unknown-URI) Unknown-Thread/MessageHandler: property 'fonts-family' ignored
ERROR   (2012-10-03) 05:16.35:576   [cocoon.manager.fop] (Unknown-URI) Unknown-Thread/MessageHandler: property 'fonts-family' ignored
ERROR   (2012-10-03) 05:16.35:576   [cocoon.manager.fop] (Unknown-URI) Unknown-Thread/MessageHandler: property 'fonts-family' ignored
ERROR   (2012-10-03) 05:16.35:576   [cocoon.manager.fop] (Unknown-URI) Unknown-Thread/MessageHandler: property 'fonts-family' ignored
ERROR   (2012-10-03) 05:16.35:576   [cocoon.manager.fop] (Unknown-URI) Unknown-Thread/MessageHandler: property 'fonts-family' ignored
ERROR   (2012-10-03) 05:16.35:577   [cocoon.manager.fop] (Unknown-URI) Unknown-Thread/MessageHandler: property 'fonts-family' ignored
ERROR   (2012-10-03) 05:16.35:577   [cocoon.manager.fop] (Unknown-URI) Unknown-Thread/MessageHandler: property 'fonts-family' ignored
ERROR   (2012-10-03) 05:16.35:579   [cocoon.manager.fop] (Unknown-URI) Unknown-Thread/MessageHandler: property 'fonts-family' ignored
ERROR   (2012-10-03) 05:16.35:581   [cocoon.manager.fop] (Unknown-URI) Unknown-Thread/MessageHandler: property 'fonts-family' ignored
ERROR   (2012-10-03) 05:16.35:586   [cocoon.manager.fop] (Unknown-URI) Unknown-Thread/MessageHandler: property 'fonts-family' ignored
ERROR   (2012-10-03) 05:16.35:589   [cocoon.manager.fop] (Unknown-URI) Unknown-Thread/MessageHandler: property 'fonts-family' ignored
ERROR   (2012-10-03) 05:16.35:590   [cocoon.manager.fop] (Unknown-URI) Unknown-Thread/MessageHandler: property 'fonts-family' ignored
ERROR   (2012-10-03) 05:16.35:592   [cocoon.manager.fop] (Unknown-URI) Unknown-Thread/MessageHandler: property 'fonts-family' ignored
ERROR   (2012-10-03) 05:16.35:595   [cocoon.manager.fop] (Unknown-URI) Unknown-Thread/MessageHandler: property 'fonts-family' ignored
ERROR   (2012-10-03) 05:16.35:601   [cocoon.manager.fop] (Unknown-URI) Unknown-Thread/MessageHandler: property 'fonts-family' ignored
ERROR   (2012-10-03) 05:16.35:604   [cocoon.manager.fop] (Unknown-URI) Unknown-Thread/MessageHandler: property 'fonts-family' ignored
ERROR   (2012-10-03) 05:16.35:606   [cocoon.manager.fop] (Unknown-URI) Unknown-Thread/MessageHandler: property 'fonts-family' ignored
ERROR   (2012-10-03) 05:16.35:606   [cocoon.manager.fop] (Unknown-URI) Unknown-Thread/MessageHandler: property 'fonts-family' ignored
ERROR   (2012-10-03) 05:16.35:606   [cocoon.manager.fop] (Unknown-URI) Unknown-Thread/MessageHandler: property 'fonts-family' ignored
ERROR   (2012-10-03) 05:16.35:606   [cocoon.manager.fop] (Unknown-URI) Unknown-Thread/MessageHandler: property 'fonts-family' ignored
ERROR   (2012-10-03) 05:16.35:609   [cocoon.manager.fop] (Unknown-URI) Unknown-Thread/MessageHandler: property 'fonts-family' ignored
ERROR   (2012-10-03) 05:16.35:611   [cocoon.manager.fop] (Unknown-URI) Unknown-Thread/MessageHandler: property 'fonts-family' ignored
ERROR   (2012-10-03) 05:16.35:612   [cocoon.manager.fop] (Unknown-URI) Unknown-Thread/MessageHandler: property 'fonts-family' ignored
ERROR   (2012-10-03) 05:16.35:930   [cocoon.manager.fop] (Unknown-URI) Unknown-Thread/MessageHandler: TrueType warning: Can't find cvt table
ERROR   (2012-10-03) 05:16.35:930   [cocoon.manager.fop] (Unknown-URI) Unknown-Thread/MessageHandler: TrueType warning: Can't find prep table
WARN    (2012-10-03) 05:16.36:113   [cocoon.manager] (Unknown-URI) Unknown-Thread/TraxErrorListener: file:/grid/0/dev/mfoley/hadoop-1.0/src/docs/cn/src/documentation/skins/pelt/xslt/fo/../../../common/xslt/fo/document-to-fo.xsl:148:19
ERROR   (2012-10-03) 05:16.36:135   [cocoon.manager.fop] (Unknown-URI) Unknown-Thread/MessageHandler: Error in space-after property value '6pt"': org.apache.fop.fo.expr.PropertyException: missing quote
ERROR   (2012-10-03) 05:16.36:144   [cocoon.manager.fop] (Unknown-URI) Unknown-Thread/MessageHandler: Error in space-after property value '6pt"': org.apache.fop.fo.expr.PropertyException: missing quote
ERROR   (2012-10-03) 05:16.36:164   [cocoon.manager.fop] (Unknown-URI) Unknown-Thread/MessageHandler: property 'fonts-family' ignored
ERROR   (2012-10-03) 05:16.36:164   [cocoon.manager.fop] (Unknown-URI) Unknown-Thread/MessageHandler: property 'fonts-family' ignored
ERROR   (2012-10-03) 05:16.36:263   [cocoon.manager.fop] (Unknown-URI) Unknown-Thread/MessageHandler: property 'fonts-family' ignored
ERROR   (2012-10-03) 05:16.36:263   [cocoon.manager.fop] (Unknown-URI) Unknown-Thread/MessageHandler: property 'fonts-family' ignored
ERROR   (2012-10-03) 05:16.36:264   [cocoon.manager.fop] (Unknown-URI) Unknown-Thread/MessageHandler: property 'fonts-family' ignored
ERROR   (2012-10-03) 05:16.36:264   [cocoon.manager.fop] (Unknown-URI) Unknown-Thread/MessageHandler: property 'fonts-family' ignored
ERROR   (2012-10-03) 05:16.36:264   [cocoon.manager.fop] (Unknown-URI) Unknown-Thread/MessageHandler: property 'fonts-family' ignored
ERROR   (2012-10-03) 05:16.36:269   [cocoon.manager.fop] (Unknown-URI) Unknown-Thread/MessageHandler: property 'fonts-family' ignored
ERROR   (2012-10-03) 05:16.36:270   [cocoon.manager.fop] (Unknown-URI) Unknown-Thread/MessageHandler: property 'fonts-family' ignored
ERROR   (2012-10-03) 05:16.36:270   [cocoon.manager.fop] (Unknown-URI) Unknown-Thread/MessageHandler: property 'fonts-family' ignored
ERROR   (2012-10-03) 05:16.36:273   [cocoon.manager.fop] (Unknown-URI) Unknown-Thread/MessageHandler: property 'fonts-family' ignored
ERROR   (2012-10-03) 05:16.36:273   [cocoon.manager.fop] (Unknown-URI) Unknown-Thread/MessageHandler: property 'fonts-family' ignored
ERROR   (2012-10-03) 05:16.36:274   [cocoon.manager.fop] (Unknown-URI) Unknown-Thread/MessageHandler: property 'fonts-family' ignored
WARN    (2012-10-03) 05:16.36:337   [cocoon.manager.fop] (Unknown-URI) Unknown-Thread/Table: table-layout=auto is not supported, using fixed!
WARN    (2012-10-03) 05:16.36:347   [cocoon.manager.fop] (Unknown-URI) Unknown-Thread/Table: table-layout=auto is not supported, using fixed!
WARN    (2012-10-03) 05:16.36:365   [cocoon.manager.fop] (Unknown-URI) Unknown-Thread/Table: table-layout=auto is not supported, using fixed!
WARN    (2012-10-03) 05:16.36:378   [cocoon.manager.fop] (Unknown-URI) Unknown-Thread/Table: table-layout=auto is not supported, using fixed!
ERROR   (2012-10-03) 05:16.36:596   [cocoon.manager.fop] (Unknown-URI) Unknown-Thread/MessageHandler: TrueType warning: Can't find cvt table
ERROR   (2012-10-03) 05:16.36:596   [cocoon.manager.fop] (Unknown-URI) Unknown-Thread/MessageHandler: TrueType warning: Can't find prep table
WARN    (2012-10-03) 05:16.36:954   [cocoon.manager] (Unknown-URI) Unknown-Thread/TraxErrorListener: file:/grid/0/dev/mfoley/hadoop-1.0/src/docs/cn/src/documentation/skins/pelt/xslt/fo/../../../common/xslt/fo/document-to-fo.xsl:148:19
ERROR   (2012-10-03) 05:16.36:975   [cocoon.manager.fop] (Unknown-URI) Unknown-Thread/MessageHandler: Error in space-after property value '6pt"': org.apache.fop.fo.expr.PropertyException: missing quote
ERROR   (2012-10-03) 05:16.36:976   [cocoon.manager.fop] (Unknown-URI) Unknown-Thread/MessageHandler: Error in space-after property value '6pt"': org.apache.fop.fo.expr.PropertyException: missing quote
ERROR   (2012-10-03) 05:16.36:979   [cocoon.manager.fop] (Unknown-URI) Unknown-Thread/MessageHandler: property 'fonts-family' ignored
ERROR   (2012-10-03) 05:16.36:982   [cocoon.manager.fop] (Unknown-URI) Unknown-Thread/MessageHandler: property 'fonts-family' ignored
ERROR   (2012-10-03) 05:16.36:983   [cocoon.manager.fop] (Unknown-URI) Unknown-Thread/MessageHandler: property 'fonts-family' ignored
ERROR   (2012-10-03) 05:16.36:985   [cocoon.manager.fop] (Unknown-URI) Unknown-Thread/MessageHandler: property 'fonts-family' ignored
ERROR   (2012-10-03) 05:16.36:985   [cocoon.manager.fop] (Unknown-URI) Unknown-Thread/MessageHandler: property 'fonts-family' ignored
ERROR   (2012-10-03) 05:16.36:985   [cocoon.manager.fop] (Unknown-URI) Unknown-Thread/MessageHandler: property 'fonts-family' ignored
ERROR   (2012-10-03) 05:16.36:986   [cocoon.manager.fop] (Unknown-URI) Unknown-Thread/MessageHandler: property 'fonts-family' ignored
ERROR   (2012-10-03) 05:16.37:003   [cocoon.manager.fop] (Unknown-URI) Unknown-Thread/MessageHandler: property 'fonts-family' ignored
ERROR   (2012-10-03) 05:16.37:004   [cocoon.manager.fop] (Unknown-URI) Unknown-Thread/MessageHandler: property 'fonts-family' ignored
ERROR   (2012-10-03) 05:16.37:004   [cocoon.manager.fop] (Unknown-URI) Unknown-Thread/MessageHandler: property 'fonts-family' ignored
ERROR   (2012-10-03) 05:16.37:005   [cocoon.manager.fop] (Unknown-URI) Unknown-Thread/MessageHandler: property 'fonts-family' ignored
ERROR   (2012-10-03) 05:16.37:006   [cocoon.manager.fop] (Unknown-URI) Unknown-Thread/MessageHandler: property 'fonts-family' ignored
ERROR   (2012-10-03) 05:16.37:008   [cocoon.manager.fop] (Unknown-URI) Unknown-Thread/MessageHandler: property 'fonts-family' ignored
ERROR   (2012-10-03) 05:16.37:008   [cocoon.manager.fop] (Unknown-URI) Unknown-Thread/MessageHandler: property 'fonts-family' ignored
ERROR   (2012-10-03) 05:16.37:009   [cocoon.manager.fop] (Unknown-URI) Unknown-Thread/MessageHandler: property 'fonts-family' ignored
ERROR   (2012-10-03) 05:16.37:009   [cocoon.manager.fop] (Unknown-URI) Unknown-Thread/MessageHandler: property 'fonts-family' ignored
ERROR   (2012-10-03) 05:16.37:009   [cocoon.manager.fop] (Unknown-URI) Unknown-Thread/MessageHandler: property 'fonts-family' ignored
ERROR   (2012-10-03) 05:16.37:010   [cocoon.manager.fop] (Unknown-URI) Unknown-Thread/MessageHandler: property 'fonts-family' ignored
WARN    (2012-10-03) 05:16.37:083   [cocoon.manager.fop] (Unknown-URI) Unknown-Thread/Table: table-layout=auto is not supported, using fixed!
ERROR   (2012-10-03) 05:16.37:272   [cocoon.manager.fop] (Unknown-URI) Unknown-Thread/MessageHandler: TrueType warning: Can't find cvt table
ERROR   (2012-10-03) 05:16.37:272   [cocoon.manager.fop] (Unknown-URI) Unknown-Thread/MessageHandler: TrueType warning: Can't find prep table
WARN    (2012-10-03) 05:16.37:320   [cocoon.manager] (Unknown-URI) Unknown-Thread/TraxErrorListener: file:/grid/0/dev/mfoley/hadoop-1.0/src/docs/cn/src/documentation/skins/pelt/xslt/fo/../../../common/xslt/fo/document-to-fo.xsl:148:19
ERROR   (2012-10-03) 05:16.37:326   [cocoon.manager.fop] (Unknown-URI) Unknown-Thread/MessageHandler: property 'fonts-family' ignored
ERROR   (2012-10-03) 05:16.37:327   [cocoon.manager.fop] (Unknown-URI) Unknown-Thread/MessageHandler: property 'fonts-family' ignored
ERROR   (2012-10-03) 05:16.37:327   [cocoon.manager.fop] (Unknown-URI) Unknown-Thread/MessageHandler: property 'fonts-family' ignored
ERROR   (2012-10-03) 05:16.37:652   [cocoon.manager.fop] (Unknown-URI) Unknown-Thread/MessageHandler: TrueType warning: Can't find cvt table
ERROR   (2012-10-03) 05:16.37:652   [cocoon.manager.fop] (Unknown-URI) Unknown-Thread/MessageHandler: TrueType warning: Can't find prep table
WARN    (2012-10-03) 05:16.37:721   [cocoon.manager] (Unknown-URI) Unknown-Thread/TraxErrorListener: file:/grid/0/dev/mfoley/hadoop-1.0/src/docs/cn/src/documentation/skins/pelt/xslt/fo/../../../common/xslt/fo/document-to-fo.xsl:148:19
ERROR   (2012-10-03) 05:16.37:756   [cocoon.manager.fop] (Unknown-URI) Unknown-Thread/MessageHandler: property 'fonts-family' ignored
ERROR   (2012-10-03) 05:16.37:946   [cocoon.manager.fop] (Unknown-URI) Unknown-Thread/MessageHandler: property 'fonts-family' ignored
ERROR   (2012-10-03) 05:16.37:973   [cocoon.manager.fop] (Unknown-URI) Unknown-Thread/MessageHandler: property 'fonts-family' ignored
ERROR   (2012-10-03) 05:16.37:974   [cocoon.manager.fop] (Unknown-URI) Unknown-Thread/MessageHandler: property 'fonts-family' ignored
ERROR   (2012-10-03) 05:16.37:974   [cocoon.manager.fop] (Unknown-URI) Unknown-Thread/MessageHandler: property 'fonts-family' ignored
ERROR   (2012-10-03) 05:16.37:986   [cocoon.manager.fop] (Unknown-URI) Unknown-Thread/MessageHandler: property 'fonts-family' ignored
ERROR   (2012-10-03) 05:16.37:986   [cocoon.manager.fop] (Unknown-URI) Unknown-Thread/MessageHandler: property 'fonts-family' ignored
ERROR   (2012-10-03) 05:16.37:986   [cocoon.manager.fop] (Unknown-URI) Unknown-Thread/MessageHandler: property 'fonts-family' ignored
ERROR   (2012-10-03) 05:16.37:987   [cocoon.manager.fop] (Unknown-URI) Unknown-Thread/MessageHandler: property 'fonts-family' ignored
ERROR   (2012-10-03) 05:16.37:990   [cocoon.manager.fop] (Unknown-URI) Unknown-Thread/MessageHandler: property 'fonts-family' ignored
ERROR   (2012-10-03) 05:16.37:990   [cocoon.manager.fop] (Unknown-URI) Unknown-Thread/MessageHandler: property 'fonts-family' ignored
ERROR   (2012-10-03) 05:16.37:990   [cocoon.manager.fop] (Unknown-URI) Unknown-Thread/MessageHandler: property 'fonts-family' ignored
ERROR   (2012-10-03) 05:16.37:990   [cocoon.manager.fop] (Unknown-URI) Unknown-Thread/MessageHandler: property 'fonts-family' ignored
ERROR   (2012-10-03) 05:16.37:991   [cocoon.manager.fop] (Unknown-URI) Unknown-Thread/MessageHandler: property 'fonts-family' ignored
ERROR   (2012-10-03) 05:16.37:994   [cocoon.manager.fop] (Unknown-URI) Unknown-Thread/MessageHandler: property 'fonts-family' ignored
ERROR   (2012-10-03) 05:16.37:994   [cocoon.manager.fop] (Unknown-URI) Unknown-Thread/MessageHandler: property 'fonts-family' ignored
ERROR   (2012-10-03) 05:16.37:994   [cocoon.manager.fop] (Unknown-URI) Unknown-Thread/MessageHandler: property 'fonts-family' ignored
ERROR   (2012-10-03) 05:16.37:994   [cocoon.manager.fop] (Unknown-URI) Unknown-Thread/MessageHandler: property 'fonts-family' ignored
WARN    (2012-10-03) 05:16.38:086   [cocoon.manager.fop] (Unknown-URI) Unknown-Thread/Table: table-layout=auto is not supported, using fixed!
WARN    (2012-10-03) 05:16.38:092   [cocoon.manager.fop] (Unknown-URI) Unknown-Thread/Table: table-layout=auto is not supported, using fixed!
WARN    (2012-10-03) 05:16.38:102   [cocoon.manager.fop] (Unknown-URI) Unknown-Thread/Table: table-layout=auto is not supported, using fixed!
WARN    (2012-10-03) 05:16.38:106   [cocoon.manager.fop] (Unknown-URI) Unknown-Thread/Table: table-layout=auto is not supported, using fixed!
WARN    (2012-10-03) 05:16.38:112   [cocoon.manager.fop] (Unknown-URI) Unknown-Thread/Table: table-layout=auto is not supported, using fixed!
WARN    (2012-10-03) 05:16.38:122   [cocoon.manager.fop] (Unknown-URI) Unknown-Thread/Table: table-layout=auto is not supported, using fixed!
WARN    (2012-10-03) 05:16.38:132   [cocoon.manager.fop] (Unknown-URI) Unknown-Thread/Table: table-layout=auto is not supported, using fixed!
WARN    (2012-10-03) 05:16.38:145   [cocoon.manager.fop] (Unknown-URI) Unknown-Thread/Table: table-layout=auto is not supported, using fixed!
WARN    (2012-10-03) 05:16.38:149   [cocoon.manager.fop] (Unknown-URI) Unknown-Thread/Table: table-layout=auto is not supported, using fixed!
WARN    (2012-10-03) 05:16.38:153   [cocoon.manager.fop] (Unknown-URI) Unknown-Thread/Table: table-layout=auto is not supported, using fixed!
WARN    (2012-10-03) 05:16.38:156   [cocoon.manager.fop] (Unknown-URI) Unknown-Thread/Table: table-layout=auto is not supported, using fixed!
WARN    (2012-10-03) 05:16.38:176   [cocoon.manager.fop] (Unknown-URI) Unknown-Thread/Table: table-layout=auto is not supported, using fixed!
WARN    (2012-10-03) 05:16.38:183   [cocoon.manager.fop] (Unknown-URI) Unknown-Thread/Table: table-layout=auto is not supported, using fixed!
ERROR   (2012-10-03) 05:16.38:581   [cocoon.manager.fop] (Unknown-URI) Unknown-Thread/MessageHandler: TrueType warning: Can't find cvt table
ERROR   (2012-10-03) 05:16.38:581   [cocoon.manager.fop] (Unknown-URI) Unknown-Thread/MessageHandler: TrueType warning: Can't find prep table
WARN    (2012-10-03) 05:16.38:634   [cocoon.manager] (Unknown-URI) Unknown-Thread/SVGBuilder: setDocumentLocator was not called, will use http://localhost/ as base URI
WARN    (2012-10-03) 05:16.38:827   [cocoon.manager] (Unknown-URI) Unknown-Thread/TraxErrorListener: file:/grid/0/dev/mfoley/hadoop-1.0/src/docs/cn/src/documentation/skins/pelt/xslt/fo/../../../common/xslt/fo/document-to-fo.xsl:148:19
ERROR   (2012-10-03) 05:16.39:219   [cocoon.manager.fop] (Unknown-URI) Unknown-Thread/MessageHandler: TrueType warning: Can't find cvt table
ERROR   (2012-10-03) 05:16.39:219   [cocoon.manager.fop] (Unknown-URI) Unknown-Thread/MessageHandler: TrueType warning: Can't find prep table
WARN    (2012-10-03) 05:16.39:518   [cocoon.manager] (Unknown-URI) Unknown-Thread/TraxErrorListener: file:/grid/0/dev/mfoley/hadoop-1.0/src/docs/cn/src/documentation/skins/pelt/xslt/fo/../../../common/xslt/fo/document-to-fo.xsl:148:19
ERROR   (2012-10-03) 05:16.39:736   [cocoon.manager.fop] (Unknown-URI) Unknown-Thread/MessageHandler: TrueType warning: Can't find cvt table
ERROR   (2012-10-03) 05:16.39:736   [cocoon.manager.fop] (Unknown-URI) Unknown-Thread/MessageHandler: TrueType warning: Can't find prep table
WARN    (2012-10-03) 05:16.40:046   [cocoon.manager] (Unknown-URI) Unknown-Thread/TraxErrorListener: file:/grid/0/dev/mfoley/hadoop-1.0/src/docs/cn/src/documentation/skins/pelt/xslt/fo/../../../common/xslt/fo/document-to-fo.xsl:148:19
ERROR   (2012-10-03) 05:16.40:066   [cocoon.manager.fop] (Unknown-URI) Unknown-Thread/MessageHandler: property 'fonts-family' ignored
ERROR   (2012-10-03) 05:16.40:066   [cocoon.manager.fop] (Unknown-URI) Unknown-Thread/MessageHandler: property 'fonts-family' ignored
WARN    (2012-10-03) 05:16.40:236   [cocoon.manager.fop] (Unknown-URI) Unknown-Thread/Table: table-layout=auto is not supported, using fixed!
ERROR   (2012-10-03) 05:16.40:450   [cocoon.manager.fop] (Unknown-URI) Unknown-Thread/MessageHandler: TrueType warning: Can't find cvt table
ERROR   (2012-10-03) 05:16.40:450   [cocoon.manager.fop] (Unknown-URI) Unknown-Thread/MessageHandler: TrueType warning: Can't find prep table
WARN    (2012-10-03) 05:16.40:974   [cocoon.manager] (Unknown-URI) Unknown-Thread/TraxErrorListener: file:/grid/0/dev/mfoley/hadoop-1.0/src/docs/cn/src/documentation/skins/pelt/xslt/fo/../../../common/xslt/fo/document-to-fo.xsl:148:19
ERROR   (2012-10-03) 05:16.41:019   [cocoon.manager.fop] (Unknown-URI) Unknown-Thread/MessageHandler: property 'fonts-family' ignored
ERROR   (2012-10-03) 05:16.41:019   [cocoon.manager.fop] (Unknown-URI) Unknown-Thread/MessageHandler: property 'fonts-family' ignored
ERROR   (2012-10-03) 05:16.41:019   [cocoon.manager.fop] (Unknown-URI) Unknown-Thread/MessageHandler: property 'fonts-family' ignored
ERROR   (2012-10-03) 05:16.41:024   [cocoon.manager.fop] (Unknown-URI) Unknown-Thread/MessageHandler: property 'fonts-family' ignored
ERROR   (2012-10-03) 05:16.41:030   [cocoon.manager.fop] (Unknown-URI) Unknown-Thread/MessageHandler: property 'fonts-family' ignored
ERROR   (2012-10-03) 05:16.41:077   [cocoon.manager.fop] (Unknown-URI) Unknown-Thread/MessageHandler: property 'fonts-family' ignored
ERROR   (2012-10-03) 05:16.41:103   [cocoon.manager.fop] (Unknown-URI) Unknown-Thread/MessageHandler: property 'fonts-family' ignored
ERROR   (2012-10-03) 05:16.41:103   [cocoon.manager.fop] (Unknown-URI) Unknown-Thread/MessageHandler: property 'fonts-family' ignored
ERROR   (2012-10-03) 05:16.41:169   [cocoon.manager.fop] (Unknown-URI) Unknown-Thread/MessageHandler: property 'fonts-family' ignored
ERROR   (2012-10-03) 05:16.41:170   [cocoon.manager.fop] (Unknown-URI) Unknown-Thread/MessageHandler: property 'fonts-family' ignored
ERROR   (2012-10-03) 05:16.41:170   [cocoon.manager.fop] (Unknown-URI) Unknown-Thread/MessageHandler: property 'fonts-family' ignored
ERROR   (2012-10-03) 05:16.41:170   [cocoon.manager.fop] (Unknown-URI) Unknown-Thread/MessageHandler: property 'fonts-family' ignored
ERROR   (2012-10-03) 05:16.41:171   [cocoon.manager.fop] (Unknown-URI) Unknown-Thread/MessageHandler: property 'fonts-family' ignored
ERROR   (2012-10-03) 05:16.41:171   [cocoon.manager.fop] (Unknown-URI) Unknown-Thread/MessageHandler: property 'fonts-family' ignored
ERROR   (2012-10-03) 05:16.41:171   [cocoon.manager.fop] (Unknown-URI) Unknown-Thread/MessageHandler: property 'fonts-family' ignored
ERROR   (2012-10-03) 05:16.41:172   [cocoon.manager.fop] (Unknown-URI) Unknown-Thread/MessageHandler: property 'fonts-family' ignored
ERROR   (2012-10-03) 05:16.41:172   [cocoon.manager.fop] (Unknown-URI) Unknown-Thread/MessageHandler: property 'fonts-family' ignored
ERROR   (2012-10-03) 05:16.41:172   [cocoon.manager.fop] (Unknown-URI) Unknown-Thread/MessageHandler: property 'fonts-family' ignored
ERROR   (2012-10-03) 05:16.41:173   [cocoon.manager.fop] (Unknown-URI) Unknown-Thread/MessageHandler: property 'fonts-family' ignored
ERROR   (2012-10-03) 05:16.41:173   [cocoon.manager.fop] (Unknown-URI) Unknown-Thread/MessageHandler: property 'fonts-family' ignored
ERROR   (2012-10-03) 05:16.41:173   [cocoon.manager.fop] (Unknown-URI) Unknown-Thread/MessageHandler: property 'fonts-family' ignored
ERROR   (2012-10-03) 05:16.41:173   [cocoon.manager.fop] (Unknown-URI) Unknown-Thread/MessageHandler: property 'fonts-family' ignored
ERROR   (2012-10-03) 05:16.41:174   [cocoon.manager.fop] (Unknown-URI) Unknown-Thread/MessageHandler: property 'fonts-family' ignored
ERROR   (2012-10-03) 05:16.41:174   [cocoon.manager.fop] (Unknown-URI) Unknown-Thread/MessageHandler: property 'fonts-family' ignored
ERROR   (2012-10-03) 05:16.41:181   [cocoon.manager.fop] (Unknown-URI) Unknown-Thread/MessageHandler: property 'fonts-family' ignored
ERROR   (2012-10-03) 05:16.41:182   [cocoon.manager.fop] (Unknown-URI) Unknown-Thread/MessageHandler: property 'fonts-family' ignored
ERROR   (2012-10-03) 05:16.41:183   [cocoon.manager.fop] (Unknown-URI) Unknown-Thread/MessageHandler: property 'fonts-family' ignored
ERROR   (2012-10-03) 05:16.41:184   [cocoon.manager.fop] (Unknown-URI) Unknown-Thread/MessageHandler: property 'fonts-family' ignored
ERROR   (2012-10-03) 05:16.41:184   [cocoon.manager.fop] (Unknown-URI) Unknown-Thread/MessageHandler: property 'fonts-family' ignored
ERROR   (2012-10-03) 05:16.41:184   [cocoon.manager.fop] (Unknown-URI) Unknown-Thread/MessageHandler: property 'fonts-family' ignored
ERROR   (2012-10-03) 05:16.41:185   [cocoon.manager.fop] (Unknown-URI) Unknown-Thread/MessageHandler: property 'fonts-family' ignored
ERROR   (2012-10-03) 05:16.41:185   [cocoon.manager.fop] (Unknown-URI) Unknown-Thread/MessageHandler: property 'fonts-family' ignored
ERROR   (2012-10-03) 05:16.41:185   [cocoon.manager.fop] (Unknown-URI) Unknown-Thread/MessageHandler: property 'fonts-family' ignored
ERROR   (2012-10-03) 05:16.41:186   [cocoon.manager.fop] (Unknown-URI) Unknown-Thread/MessageHandler: property 'fonts-family' ignored
ERROR   (2012-10-03) 05:16.41:186   [cocoon.manager.fop] (Unknown-URI) Unknown-Thread/MessageHandler: property 'fonts-family' ignored
ERROR   (2012-10-03) 05:16.41:186   [cocoon.manager.fop] (Unknown-URI) Unknown-Thread/MessageHandler: property 'fonts-family' ignored
ERROR   (2012-10-03) 05:16.41:187   [cocoon.manager.fop] (Unknown-URI) Unknown-Thread/MessageHandler: property 'fonts-family' ignored
ERROR   (2012-10-03) 05:16.41:187   [cocoon.manager.fop] (Unknown-URI) Unknown-Thread/MessageHandler: property 'fonts-family' ignored
ERROR   (2012-10-03) 05:16.41:187   [cocoon.manager.fop] (Unknown-URI) Unknown-Thread/MessageHandler: property 'fonts-family' ignored
ERROR   (2012-10-03) 05:16.41:188   [cocoon.manager.fop] (Unknown-URI) Unknown-Thread/MessageHandler: property 'fonts-family' ignored
ERROR   (2012-10-03) 05:16.41:188   [cocoon.manager.fop] (Unknown-URI) Unknown-Thread/MessageHandler: property 'fonts-family' ignored
ERROR   (2012-10-03) 05:16.41:188   [cocoon.manager.fop] (Unknown-URI) Unknown-Thread/MessageHandler: property 'fonts-family' ignored
ERROR   (2012-10-03) 05:16.41:229   [cocoon.manager.fop] (Unknown-URI) Unknown-Thread/MessageHandler: property 'fonts-family' ignored
ERROR   (2012-10-03) 05:16.41:229   [cocoon.manager.fop] (Unknown-URI) Unknown-Thread/MessageHandler: property 'fonts-family' ignored
ERROR   (2012-10-03) 05:16.41:235   [cocoon.manager.fop] (Unknown-URI) Unknown-Thread/MessageHandler: property 'fonts-family' ignored
ERROR   (2012-10-03) 05:16.41:236   [cocoon.manager.fop] (Unknown-URI) Unknown-Thread/MessageHandler: property 'fonts-family' ignored
ERROR   (2012-10-03) 05:16.41:242   [cocoon.manager.fop] (Unknown-URI) Unknown-Thread/MessageHandler: property 'fonts-family' ignored
ERROR   (2012-10-03) 05:16.41:242   [cocoon.manager.fop] (Unknown-URI) Unknown-Thread/MessageHandler: property 'fonts-family' ignored
ERROR   (2012-10-03) 05:16.41:242   [cocoon.manager.fop] (Unknown-URI) Unknown-Thread/MessageHandler: property 'fonts-family' ignored
ERROR   (2012-10-03) 05:16.41:243   [cocoon.manager.fop] (Unknown-URI) Unknown-Thread/MessageHandler: property 'fonts-family' ignored
ERROR   (2012-10-03) 05:16.41:243   [cocoon.manager.fop] (Unknown-URI) Unknown-Thread/MessageHandler: property 'fonts-family' ignored
ERROR   (2012-10-03) 05:16.41:243   [cocoon.manager.fop] (Unknown-URI) Unknown-Thread/MessageHandler: property 'fonts-family' ignored
ERROR   (2012-10-03) 05:16.41:243   [cocoon.manager.fop] (Unknown-URI) Unknown-Thread/MessageHandler: property 'fonts-family' ignored
ERROR   (2012-10-03) 05:16.41:250   [cocoon.manager.fop] (Unknown-URI) Unknown-Thread/MessageHandler: property 'fonts-family' ignored
ERROR   (2012-10-03) 05:16.41:250   [cocoon.manager.fop] (Unknown-URI) Unknown-Thread/MessageHandler: property 'fonts-family' ignored
ERROR   (2012-10-03) 05:16.41:250   [cocoon.manager.fop] (Unknown-URI) Unknown-Thread/MessageHandler: property 'fonts-family' ignored
ERROR   (2012-10-03) 05:16.41:251   [cocoon.manager.fop] (Unknown-URI) Unknown-Thread/MessageHandler: property 'fonts-family' ignored
ERROR   (2012-10-03) 05:16.41:251   [cocoon.manager.fop] (Unknown-URI) Unknown-Thread/MessageHandler: property 'fonts-family' ignored
ERROR   (2012-10-03) 05:16.41:251   [cocoon.manager.fop] (Unknown-URI) Unknown-Thread/MessageHandler: property 'fonts-family' ignored
ERROR   (2012-10-03) 05:16.41:264   [cocoon.manager.fop] (Unknown-URI) Unknown-Thread/MessageHandler: property 'fonts-family' ignored
ERROR   (2012-10-03) 05:16.41:264   [cocoon.manager.fop] (Unknown-URI) Unknown-Thread/MessageHandler: property 'fonts-family' ignored
ERROR   (2012-10-03) 05:16.41:282   [cocoon.manager.fop] (Unknown-URI) Unknown-Thread/MessageHandler: property 'fonts-family' ignored
ERROR   (2012-10-03) 05:16.41:282   [cocoon.manager.fop] (Unknown-URI) Unknown-Thread/MessageHandler: property 'fonts-family' ignored
ERROR   (2012-10-03) 05:16.41:282   [cocoon.manager.fop] (Unknown-URI) Unknown-Thread/MessageHandler: property 'fonts-family' ignored
WARN    (2012-10-03) 05:16.41:402   [cocoon.manager.fop] (Unknown-URI) Unknown-Thread/Table: table-layout=auto is not supported, using fixed!
WARN    (2012-10-03) 05:16.41:404   [cocoon.manager.fop] (Unknown-URI) Unknown-Thread/Table: table-layout=auto is not supported, using fixed!
WARN    (2012-10-03) 05:16.41:407   [cocoon.manager.fop] (Unknown-URI) Unknown-Thread/Table: table-layout=auto is not supported, using fixed!
WARN    (2012-10-03) 05:16.41:408   [cocoon.manager.fop] (Unknown-URI) Unknown-Thread/Table: table-layout=auto is not supported, using fixed!
WARN    (2012-10-03) 05:16.41:409   [cocoon.manager.fop] (Unknown-URI) Unknown-Thread/Table: table-layout=auto is not supported, using fixed!
WARN    (2012-10-03) 05:16.41:410   [cocoon.manager.fop] (Unknown-URI) Unknown-Thread/Table: table-layout=auto is not supported, using fixed!
WARN    (2012-10-03) 05:16.41:414   [cocoon.manager.fop] (Unknown-URI) Unknown-Thread/Table: table-layout=auto is not supported, using fixed!
WARN    (2012-10-03) 05:16.41:415   [cocoon.manager.fop] (Unknown-URI) Unknown-Thread/Table: table-layout=auto is not supported, using fixed!
WARN    (2012-10-03) 05:16.41:420   [cocoon.manager.fop] (Unknown-URI) Unknown-Thread/Table: table-layout=auto is not supported, using fixed!
WARN    (2012-10-03) 05:16.41:423   [cocoon.manager.fop] (Unknown-URI) Unknown-Thread/Table: table-layout=auto is not supported, using fixed!
WARN    (2012-10-03) 05:16.41:429   [cocoon.manager.fop] (Unknown-URI) Unknown-Thread/Table: table-layout=auto is not supported, using fixed!
WARN    (2012-10-03) 05:16.41:432   [cocoon.manager.fop] (Unknown-URI) Unknown-Thread/Table: table-layout=auto is not supported, using fixed!
WARN    (2012-10-03) 05:16.41:437   [cocoon.manager.fop] (Unknown-URI) Unknown-Thread/Table: table-layout=auto is not supported, using fixed!
WARN    (2012-10-03) 05:16.41:440   [cocoon.manager.fop] (Unknown-URI) Unknown-Thread/Table: table-layout=auto is not supported, using fixed!
WARN    (2012-10-03) 05:16.41:442   [cocoon.manager.fop] (Unknown-URI) Unknown-Thread/Table: table-layout=auto is not supported, using fixed!
WARN    (2012-10-03) 05:16.41:449   [cocoon.manager.fop] (Unknown-URI) Unknown-Thread/Table: table-layout=auto is not supported, using fixed!
WARN    (2012-10-03) 05:16.41:452   [cocoon.manager.fop] (Unknown-URI) Unknown-Thread/Table: table-layout=auto is not supported, using fixed!
WARN    (2012-10-03) 05:16.41:454   [cocoon.manager.fop] (Unknown-URI) Unknown-Thread/Table: table-layout=auto is not supported, using fixed!
WARN    (2012-10-03) 05:16.41:459   [cocoon.manager.fop] (Unknown-URI) Unknown-Thread/Table: table-layout=auto is not supported, using fixed!
WARN    (2012-10-03) 05:16.41:461   [cocoon.manager.fop] (Unknown-URI) Unknown-Thread/Table: table-layout=auto is not supported, using fixed!
WARN    (2012-10-03) 05:16.41:463   [cocoon.manager.fop] (Unknown-URI) Unknown-Thread/Table: table-layout=auto is not supported, using fixed!
WARN    (2012-10-03) 05:16.41:467   [cocoon.manager.fop] (Unknown-URI) Unknown-Thread/Table: table-layout=auto is not supported, using fixed!
WARN    (2012-10-03) 05:16.41:469   [cocoon.manager.fop] (Unknown-URI) Unknown-Thread/Table: table-layout=auto is not supported, using fixed!
WARN    (2012-10-03) 05:16.41:477   [cocoon.manager.fop] (Unknown-URI) Unknown-Thread/Table: table-layout=auto is not supported, using fixed!
WARN    (2012-10-03) 05:16.41:487   [cocoon.manager.fop] (Unknown-URI) Unknown-Thread/Table: table-layout=auto is not supported, using fixed!
WARN    (2012-10-03) 05:16.41:490   [cocoon.manager.fop] (Unknown-URI) Unknown-Thread/Table: table-layout=auto is not supported, using fixed!
WARN    (2012-10-03) 05:16.41:495   [cocoon.manager.fop] (Unknown-URI) Unknown-Thread/Table: table-layout=auto is not supported, using fixed!
WARN    (2012-10-03) 05:16.41:552   [cocoon.manager.fop] (Unknown-URI) Unknown-Thread/Table: table-layout=auto is not supported, using fixed!
WARN    (2012-10-03) 05:16.41:601   [cocoon.manager.fop] (Unknown-URI) Unknown-Thread/Table: table-layout=auto is not supported, using fixed!
WARN    (2012-10-03) 05:16.41:605   [cocoon.manager.fop] (Unknown-URI) Unknown-Thread/Table: table-layout=auto is not supported, using fixed!
ERROR   (2012-10-03) 05:16.41:905   [cocoon.manager.fop] (Unknown-URI) Unknown-Thread/MessageHandler: TrueType warning: Can't find cvt table
ERROR   (2012-10-03) 05:16.41:906   [cocoon.manager.fop] (Unknown-URI) Unknown-Thread/MessageHandler: TrueType warning: Can't find prep table
WARN    (2012-10-03) 05:16.42:122   [cocoon.manager] (Unknown-URI) Unknown-Thread/SVGBuilder: setDocumentLocator was not called, will use http://localhost/ as base URI
WARN    (2012-10-03) 05:16.42:241   [cocoon.manager] (Unknown-URI) Unknown-Thread/TraxErrorListener: file:/grid/0/dev/mfoley/hadoop-1.0/src/docs/cn/src/documentation/skins/pelt/xslt/fo/../../../common/xslt/fo/document-to-fo.xsl:148:19
ERROR   (2012-10-03) 05:16.42:450   [cocoon.manager.fop] (Unknown-URI) Unknown-Thread/MessageHandler: TrueType warning: Can't find cvt table
ERROR   (2012-10-03) 05:16.42:451   [cocoon.manager.fop] (Unknown-URI) Unknown-Thread/MessageHandler: TrueType warning: Can't find prep table
WARN    (2012-10-03) 05:16.42:519   [cocoon.manager] (Unknown-URI) Unknown-Thread/TraxErrorListener: file:/grid/0/dev/mfoley/hadoop-1.0/src/docs/cn/src/documentation/skins/pelt/xslt/fo/../../../common/xslt/fo/document-to-fo.xsl:148:19
ERROR   (2012-10-03) 05:16.42:855   [cocoon.manager.fop] (Unknown-URI) Unknown-Thread/MessageHandler: TrueType warning: Can't find cvt table
ERROR   (2012-10-03) 05:16.42:855   [cocoon.manager.fop] (Unknown-URI) Unknown-Thread/MessageHandler: TrueType warning: Can't find prep table
WARN    (2012-10-03) 05:16.43:149   [cocoon.manager] (Unknown-URI) Unknown-Thread/TraxErrorListener: file:/grid/0/dev/mfoley/hadoop-1.0/src/docs/cn/src/documentation/skins/pelt/xslt/fo/../../../common/xslt/fo/document-to-fo.xsl:148:19
WARN    (2012-10-03) 05:16.43:228   [cocoon.manager.fop] (Unknown-URI) Unknown-Thread/Table: table-layout=auto is not supported, using fixed!
ERROR   (2012-10-03) 05:16.43:448   [cocoon.manager.fop] (Unknown-URI) Unknown-Thread/MessageHandler: TrueType warning: Can't find cvt table
ERROR   (2012-10-03) 05:16.43:448   [cocoon.manager.fop] (Unknown-URI) Unknown-Thread/MessageHandler: TrueType warning: Can't find prep table
WARN    (2012-10-03) 05:16.43:491   [cocoon.manager] (Unknown-URI) Unknown-Thread/SVGBuilder: setDocumentLocator was not called, will use http://localhost/ as base URI
WARN    (2012-10-03) 05:16.43:631   [cocoon.manager] (Unknown-URI) Unknown-Thread/TraxErrorListener: file:/grid/0/dev/mfoley/hadoop-1.0/src/docs/cn/src/documentation/skins/pelt/xslt/fo/../../../common/xslt/fo/document-to-fo.xsl:148:19
ERROR   (2012-10-03) 05:16.43:838   [cocoon.manager.fop] (Unknown-URI) Unknown-Thread/MessageHandler: TrueType warning: Can't find cvt table
ERROR   (2012-10-03) 05:16.43:839   [cocoon.manager.fop] (Unknown-URI) Unknown-Thread/MessageHandler: TrueType warning: Can't find prep table
WARN    (2012-10-03) 05:16.43:874   [cocoon.manager] (Unknown-URI) Unknown-Thread/SVGBuilder: setDocumentLocator was not called, will use http://localhost/ as base URI
WARN    (2012-10-03) 05:16.43:879   [cocoon.manager] (Unknown-URI) Unknown-Thread/CoreServiceManager: disposing of handler for unreleased component. role [org.apache.cocoon.components.treeprocessor.ProcessorComponentInfo]
WARN    (2012-10-03) 05:16.43:880   [cocoon.manager] (Unknown-URI) Unknown-Thread/CoreServiceManager: disposing of handler for unreleased component. role [org.apache.cocoon.components.treeprocessor.ProcessorComponentInfo]
WARN    (2012-10-03) 05:16.43:880   [cocoon.manager] (Unknown-URI) Unknown-Thread/CoreServiceManager: disposing of handler for unreleased component. role [org.apache.cocoon.components.treeprocessor.ProcessorComponentInfo]
WARN    (2012-10-03) 05:16.43:880   [cocoon.manager] (Unknown-URI) Unknown-Thread/CoreServiceManager: disposing of handler for unreleased component. role [org.apache.cocoon.components.treeprocessor.ProcessorComponentInfo]
WARN    (2012-10-03) 05:16.43:880   [cocoon.manager] (Unknown-URI) Unknown-Thread/CoreServiceManager: disposing of handler for unreleased component. role [org.apache.cocoon.components.treeprocessor.ProcessorComponentInfo]
WARN    (2012-10-03) 05:16.43:880   [cocoon.manager] (Unknown-URI) Unknown-Thread/CoreServiceManager: disposing of handler for unreleased component. role [org.apache.cocoon.components.treeprocessor.ProcessorComponentInfo]
WARN    (2012-10-03) 05:16.43:881   [cocoon.manager] (Unknown-URI) Unknown-Thread/CoreServiceManager: disposing of handler for unreleased component. role [org.apache.cocoon.components.treeprocessor.ProcessorComponentInfo]
WARN    (2012-10-03) 05:16.43:881   [cocoon.manager] (Unknown-URI) Unknown-Thread/CoreServiceManager: disposing of handler for unreleased component. role [org.apache.cocoon.components.treeprocessor.ProcessorComponentInfo]
WARN    (2012-10-03) 05:16.43:881   [cocoon.manager] (Unknown-URI) Unknown-Thread/CoreServiceManager: disposing of handler for unreleased component. role [org.apache.cocoon.components.treeprocessor.ProcessorComponentInfo]
WARN    (2012-10-03) 05:16.43:881   [cocoon.manager] (Unknown-URI) Unknown-Thread/CoreServiceManager: disposing of handler for unreleased component. role [org.apache.cocoon.components.treeprocessor.ProcessorComponentInfo]
WARN    (2012-10-03) 05:16.43:881   [cocoon.manager] (Unknown-URI) Unknown-Thread/CoreServiceManager: disposing of handler for unreleased component. role [org.apache.cocoon.components.treeprocessor.ProcessorComponentInfo]
WARN    (2012-10-03) 05:16.43:881   [cocoon.manager] (Unknown-URI) Unknown-Thread/CoreServiceManager: disposing of handler for unreleased component. role [org.apache.cocoon.components.treeprocessor.ProcessorComponentInfo]
WARN    (2012-10-03) 05:16.43:881   [cocoon.manager] (Unknown-URI) Unknown-Thread/CoreServiceManager: disposing of handler for unreleased component. role [org.apache.cocoon.selection.SelectorSelector]
WARN    (2012-10-03) 05:16.43:881   [cocoon.manager] (Unknown-URI) Unknown-Thread/CoreServiceManager: disposing of handler for unreleased component. role [org.apache.cocoon.components.treeprocessor.ProcessorComponentInfo]
WARN    (2012-10-03) 05:16.43:882   [cocoon.manager] (Unknown-URI) Unknown-Thread/CoreServiceManager: disposing of handler for unreleased component. role [org.apache.cocoon.selection.Selector/parameter]
WARN    (2012-10-03) 05:16.43:882   [cocoon.manager] (Unknown-URI) Unknown-Thread/CoreServiceManager: disposing of handler for unreleased component. role [org.apache.cocoon.acting.ActionSelector]
WARN    (2012-10-03) 05:16.43:882   [cocoon.manager] (Unknown-URI) Unknown-Thread/CoreServiceManager: disposing of handler for unreleased component. role [org.apache.cocoon.acting.Action/sourcetype]
WARN    (2012-10-03) 05:16.43:882   [cocoon.manager] (Unknown-URI) Unknown-Thread/CoreServiceManager: disposing of handler for unreleased component. role [org.apache.cocoon.components.treeprocessor.ProcessorComponentInfo]
WARN    (2012-10-03) 05:16.43:882   [cocoon.manager] (Unknown-URI) Unknown-Thread/CoreServiceManager: disposing of handler for unreleased component. role [org.apache.cocoon.components.treeprocessor.ProcessorComponentInfo]
WARN    (2012-10-03) 05:16.43:882   [cocoon.manager] (Unknown-URI) Unknown-Thread/CoreServiceManager: disposing of handler for unreleased component. role [org.apache.cocoon.components.treeprocessor.ProcessorComponentInfo]
WARN    (2012-10-03) 05:16.43:883   [cocoon.manager] (Unknown-URI) Unknown-Thread/CoreServiceManager: disposing of handler for unreleased component. role [org.apache.cocoon.selection.Selector/config]
WARN    (2012-10-03) 05:16.43:883   [cocoon.manager] (Unknown-URI) Unknown-Thread/CoreServiceManager: disposing of handler for unreleased component. role [org.apache.cocoon.components.treeprocessor.ProcessorComponentInfo]
WARN    (2012-10-03) 05:16.43:883   [cocoon.manager] (Unknown-URI) Unknown-Thread/CoreServiceManager: disposing of handler for unreleased component. role [org.apache.cocoon.acting.Action/locale]
WARN    (2012-10-03) 05:16.43:883   [cocoon.manager] (Unknown-URI) Unknown-Thread/CoreServiceManager: disposing of handler for unreleased component. role [org.apache.cocoon.acting.ActionSelector]
WARN    (2012-10-03) 05:16.43:883   [cocoon.manager] (Unknown-URI) Unknown-Thread/CoreServiceManager: disposing of handler for unreleased component. role [org.apache.cocoon.selection.SelectorSelector]
WARN    (2012-10-03) 05:16.45:737   [cocoon.manager] (Unknown-URI) Unknown-Thread/CoreServiceManager: disposing of handler for unreleased component. role [org.apache.cocoon.components.treeprocessor.ProcessorComponentInfo]
WARN    (2012-10-03) 05:16.45:737   [cocoon.manager] (Unknown-URI) Unknown-Thread/CoreServiceManager: disposing of handler for unreleased component. role [org.apache.excalibur.source.SourceResolver]
WARN    (2012-10-03) 05:16.45:737   [cocoon.manager] (Unknown-URI) Unknown-Thread/CoreServiceManager: disposing of handler for unreleased component. role [org.apache.excalibur.xml.xpath.XPathProcessor]
WARN    (2012-10-03) 05:16.45:737   [cocoon.manager] (Unknown-URI) Unknown-Thread/CoreServiceManager: disposing of handler for unreleased component. role [org.apache.excalibur.xml.sax.SAXParser]
WARN    (2012-10-03) 05:16.45:737   [cocoon.manager] (Unknown-URI) Unknown-Thread/CoreServiceManager: disposing of handler for unreleased component. role [org.apache.excalibur.xml.EntityResolver]
WARN    (2012-10-03) 05:16.45:738   [cocoon.manager] (Unknown-URI) Unknown-Thread/CoreServiceManager: disposing of handler for unreleased component. role [org.apache.cocoon.components.modules.input.InputModuleSelector]
